
-------------------------------------------------------
Output file report: /glade/p/datashare/ishitas/nwm_retro_v2.1/ldasout.zarr
Total file size: 32T
Dataset overviews:
zarr ds.info:
Name        : /
Type        : zarr.hierarchy.Group
Read-only   : False
Store type  : zarr.storage.DirectoryStore
No. members : 23
No. arrays  : 23
No. groups  : 0
Arrays      : ACCET, ACSNOM, ALBEDO, ALBSND, ALBSNI, COSZ, EDIR, FIRA, FSA,
            : FSNO, HFX, LH, QRAIN, QSNOW, SNEQV, SNOWH, SOIL_M, SOIL_W, TRAD,
            : UGDRNOFF, time, x, y


xarray ds.info:
<xarray.Dataset>
Dimensions:   (time: 122479, y: 3840, x: 4608, vis_nir: 2, soil_layers_stag: 4)
Coordinates:
  * time      (time) datetime64[ns] 1979-02-01T03:00:00 ... 2020-12-31T21:00:00
  * x         (x) float64 -2.303e+06 -2.302e+06 ... 2.303e+06 2.304e+06
  * y         (y) float64 -1.92e+06 -1.919e+06 ... 1.918e+06 1.919e+06
Dimensions without coordinates: vis_nir, soil_layers_stag
Data variables: (12/20)
    ACCET     (time, y, x) float64 dask.array<chunksize=(224, 350, 350), meta=np.ndarray>
    ACSNOM    (time, y, x) float64 dask.array<chunksize=(224, 350, 350), meta=np.ndarray>
    ALBEDO    (time, y, x) float64 dask.array<chunksize=(224, 350, 350), meta=np.ndarray>
    ALBSND    (time, y, vis_nir, x) float64 dask.array<chunksize=(224, 350, 1, 350), meta=np.ndarray>
    ALBSNI    (time, y, vis_nir, x) float64 dask.array<chunksize=(224, 350, 1, 350), meta=np.ndarray>
    COSZ      (time, y, x) float64 dask.array<chunksize=(224, 350, 350), meta=np.ndarray>
    ...        ...
    SNEQV     (time, y, x) float64 dask.array<chunksize=(224, 350, 350), meta=np.ndarray>
    SNOWH     (time, y, x) float64 dask.array<chunksize=(224, 350, 350), meta=np.ndarray>
    SOIL_M    (time, y, soil_layers_stag, x) float64 dask.array<chunksize=(224, 350, 1, 350), meta=np.ndarray>
    SOIL_W    (time, y, soil_layers_stag, x) float64 dask.array<chunksize=(224, 350, 1, 350), meta=np.ndarray>
    TRAD      (time, y, x) float64 dask.array<chunksize=(224, 350, 350), meta=np.ndarray>
    UGDRNOFF  (time, y, x) float64 dask.array<chunksize=(224, 350, 350), meta=np.ndarray>
Attributes:
    Conventions:          CF-1.6
    GDAL_DataType:        Generic
    TITLE:                OUTPUT FROM WRF-Hydro v5.2.0-beta2
    code_version:         v5.2.0-beta2
    model_configuration:  retrospective
    model_output_type:    land
    proj4:                +proj=lcc +units=m +a=6370000.0 +b=6370000.0 +lat_1...

-----------------------------------
Variable comparison xarray and zarr

--------

ACCET

xarray ds[ACCET]:
<xarray.DataArray 'ACCET' (time: 122479, y: 3840, x: 4608)>
dask.array<open_dataset-cd44ccd02b6aee93a60e45fbd0a719b4ACCET, shape=(122479, 3840, 4608), dtype=float64, chunksize=(224, 350, 350), chunktype=numpy.ndarray>
Coordinates:
  * time     (time) datetime64[ns] 1979-02-01T03:00:00 ... 2020-12-31T21:00:00
  * x        (x) float64 -2.303e+06 -2.302e+06 ... 2.303e+06 2.304e+06
  * y        (y) float64 -1.92e+06 -1.919e+06 -1.918e+06 ... 1.918e+06 1.919e+06
Attributes:
    esri_pe_string:  PROJCS["Lambert_Conformal_Conic",GEOGCS["GCS_Sphere",DAT...
    grid_mapping:    crs
    long_name:       Accumulated total ET
    units:           mm
    valid_range:     [-100000, 100000000]

zarr dz[ACCET].info:
Name               : /ACCET
Type               : zarr.core.Array
Data type          : int32
Shape              : (122479, 3840, 4608)
Chunk shape        : (224, 350, 350)
Order              : C
Read-only          : False
Compressor         : Blosc(cname='lz4', clevel=5, shuffle=SHUFFLE, blocksize=0)
Store type         : zarr.storage.DirectoryStore
No. bytes          : 8668926443520 (7.9T)
No. bytes stored   : 2725019884145 (2.5T)
Storage ratio      : 3.2
Chunks initialized : 84238/84238

Un-Compressed Chunk size in MB: 104.67529296875
   Compressed Chunk size in MB: 32.711029052734375

--------

ACSNOM

xarray ds[ACSNOM]:
<xarray.DataArray 'ACSNOM' (time: 122479, y: 3840, x: 4608)>
dask.array<open_dataset-cd44ccd02b6aee93a60e45fbd0a719b4ACSNOM, shape=(122479, 3840, 4608), dtype=float64, chunksize=(224, 350, 350), chunktype=numpy.ndarray>
Coordinates:
  * time     (time) datetime64[ns] 1979-02-01T03:00:00 ... 2020-12-31T21:00:00
  * x        (x) float64 -2.303e+06 -2.302e+06 ... 2.303e+06 2.304e+06
  * y        (y) float64 -1.92e+06 -1.919e+06 -1.918e+06 ... 1.918e+06 1.919e+06
Attributes:
    esri_pe_string:  PROJCS["Lambert_Conformal_Conic",GEOGCS["GCS_Sphere",DAT...
    grid_mapping:    crs
    long_name:       accumulated melting water out of snow bottom
    units:           mm
    valid_range:     [0, 10000000]

zarr dz[ACSNOM].info:
Name               : /ACSNOM
Type               : zarr.core.Array
Data type          : int32
Shape              : (122479, 3840, 4608)
Chunk shape        : (224, 350, 350)
Order              : C
Read-only          : False
Compressor         : Blosc(cname='lz4', clevel=5, shuffle=SHUFFLE, blocksize=0)
Store type         : zarr.storage.DirectoryStore
No. bytes          : 8668926443520 (7.9T)
No. bytes stored   : 1380189660840 (1.3T)
Storage ratio      : 6.3
Chunks initialized : 84238/84238

Un-Compressed Chunk size in MB: 104.67529296875
   Compressed Chunk size in MB: 16.615125868055557

--------

ALBEDO

xarray ds[ALBEDO]:
<xarray.DataArray 'ALBEDO' (time: 122479, y: 3840, x: 4608)>
dask.array<open_dataset-cd44ccd02b6aee93a60e45fbd0a719b4ALBEDO, shape=(122479, 3840, 4608), dtype=float64, chunksize=(224, 350, 350), chunktype=numpy.ndarray>
Coordinates:
  * time     (time) datetime64[ns] 1979-02-01T03:00:00 ... 2020-12-31T21:00:00
  * x        (x) float64 -2.303e+06 -2.302e+06 ... 2.303e+06 2.304e+06
  * y        (y) float64 -1.92e+06 -1.919e+06 -1.918e+06 ... 1.918e+06 1.919e+06
Attributes:
    esri_pe_string:  PROJCS["Lambert_Conformal_Conic",GEOGCS["GCS_Sphere",DAT...
    grid_mapping:    crs
    long_name:       Surface albedo
    units:           -
    valid_range:     [0, 100]

zarr dz[ALBEDO].info:
Name               : /ALBEDO
Type               : zarr.core.Array
Data type          : int32
Shape              : (122479, 3840, 4608)
Chunk shape        : (224, 350, 350)
Order              : C
Read-only          : False
Compressor         : Blosc(cname='lz4', clevel=5, shuffle=SHUFFLE, blocksize=0)
Store type         : zarr.storage.DirectoryStore
No. bytes          : 8668926443520 (7.9T)
No. bytes stored   : 1132259261161 (1.0T)
Storage ratio      : 7.7
Chunks initialized : 84238/84238

Un-Compressed Chunk size in MB: 104.67529296875
   Compressed Chunk size in MB: 13.594193892045455

--------

ALBSND

xarray ds[ALBSND]:
<xarray.DataArray 'ALBSND' (time: 122479, y: 3840, vis_nir: 2, x: 4608)>
dask.array<open_dataset-cd44ccd02b6aee93a60e45fbd0a719b4ALBSND, shape=(122479, 3840, 2, 4608), dtype=float64, chunksize=(224, 350, 1, 350), chunktype=numpy.ndarray>
Coordinates:
  * time     (time) datetime64[ns] 1979-02-01T03:00:00 ... 2020-12-31T21:00:00
  * x        (x) float64 -2.303e+06 -2.302e+06 ... 2.303e+06 2.304e+06
  * y        (y) float64 -1.92e+06 -1.919e+06 -1.918e+06 ... 1.918e+06 1.919e+06
Dimensions without coordinates: vis_nir
Attributes:
    esri_pe_string:  PROJCS["Lambert_Conformal_Conic",GEOGCS["GCS_Sphere",DAT...
    grid_mapping:    crs
    long_name:       snowpack albedo, direct
    units:           -
    valid_range:     [0, 100]

zarr dz[ALBSND].info:
Name               : /ALBSND
Type               : zarr.core.Array
Data type          : int32
Shape              : (122479, 3840, 2, 4608)
Chunk shape        : (224, 350, 1, 350)
Order              : C
Read-only          : False
Compressor         : Blosc(cname='lz4', clevel=5, shuffle=SHUFFLE, blocksize=0)
Store type         : zarr.storage.DirectoryStore
No. bytes          : 17337852887040 (15.8T)
No. bytes stored   : 966205600702 (899.8G)
Storage ratio      : 17.9
Chunks initialized : 168476/168476

Un-Compressed Chunk size in MB: 104.67529296875
   Compressed Chunk size in MB: 5.847781730097766

--------

ALBSNI

xarray ds[ALBSNI]:
<xarray.DataArray 'ALBSNI' (time: 122479, y: 3840, vis_nir: 2, x: 4608)>
dask.array<open_dataset-cd44ccd02b6aee93a60e45fbd0a719b4ALBSNI, shape=(122479, 3840, 2, 4608), dtype=float64, chunksize=(224, 350, 1, 350), chunktype=numpy.ndarray>
Coordinates:
  * time     (time) datetime64[ns] 1979-02-01T03:00:00 ... 2020-12-31T21:00:00
  * x        (x) float64 -2.303e+06 -2.302e+06 ... 2.303e+06 2.304e+06
  * y        (y) float64 -1.92e+06 -1.919e+06 -1.918e+06 ... 1.918e+06 1.919e+06
Dimensions without coordinates: vis_nir
Attributes:
    esri_pe_string:  PROJCS["Lambert_Conformal_Conic",GEOGCS["GCS_Sphere",DAT...
    grid_mapping:    crs
    long_name:       snowpack albedo, diffuse
    units:           -
    valid_range:     [0, 100]

zarr dz[ALBSNI].info:
Name               : /ALBSNI
Type               : zarr.core.Array
Data type          : int32
Shape              : (122479, 3840, 2, 4608)
Chunk shape        : (224, 350, 1, 350)
Order              : C
Read-only          : False
Compressor         : Blosc(cname='lz4', clevel=5, shuffle=SHUFFLE, blocksize=0)
Store type         : zarr.storage.DirectoryStore
No. bytes          : 17337852887040 (15.8T)
No. bytes stored   : 969398417612 (902.8G)
Storage ratio      : 17.9
Chunks initialized : 168476/168476

Un-Compressed Chunk size in MB: 104.67529296875
   Compressed Chunk size in MB: 5.847781730097766

--------

COSZ

xarray ds[COSZ]:
<xarray.DataArray 'COSZ' (time: 122479, y: 3840, x: 4608)>
dask.array<open_dataset-cd44ccd02b6aee93a60e45fbd0a719b4COSZ, shape=(122479, 3840, 4608), dtype=float64, chunksize=(224, 350, 350), chunktype=numpy.ndarray>
Coordinates:
  * time     (time) datetime64[ns] 1979-02-01T03:00:00 ... 2020-12-31T21:00:00
  * x        (x) float64 -2.303e+06 -2.302e+06 ... 2.303e+06 2.304e+06
  * y        (y) float64 -1.92e+06 -1.919e+06 -1.918e+06 ... 1.918e+06 1.919e+06
Attributes:
    esri_pe_string:  PROJCS["Lambert_Conformal_Conic",GEOGCS["GCS_Sphere",DAT...
    grid_mapping:    crs
    long_name:       Cosine of zenith angle
    units:           -
    valid_range:     [-100, 100]

zarr dz[COSZ].info:
Name               : /COSZ
Type               : zarr.core.Array
Data type          : int32
Shape              : (122479, 3840, 4608)
Chunk shape        : (224, 350, 350)
Order              : C
Read-only          : False
Compressor         : Blosc(cname='lz4', clevel=5, shuffle=SHUFFLE, blocksize=0)
Store type         : zarr.storage.DirectoryStore
No. bytes          : 8668926443520 (7.9T)
No. bytes stored   : 458561866986 (427.1G)
Storage ratio      : 18.9
Chunks initialized : 84238/84238

Un-Compressed Chunk size in MB: 104.67529296875
   Compressed Chunk size in MB: 5.538375289351852

--------

EDIR

xarray ds[EDIR]:
<xarray.DataArray 'EDIR' (time: 122479, y: 3840, x: 4608)>
dask.array<open_dataset-cd44ccd02b6aee93a60e45fbd0a719b4EDIR, shape=(122479, 3840, 4608), dtype=float64, chunksize=(224, 350, 350), chunktype=numpy.ndarray>
Coordinates:
  * time     (time) datetime64[ns] 1979-02-01T03:00:00 ... 2020-12-31T21:00:00
  * x        (x) float64 -2.303e+06 -2.302e+06 ... 2.303e+06 2.304e+06
  * y        (y) float64 -1.92e+06 -1.919e+06 -1.918e+06 ... 1.918e+06 1.919e+06
Attributes:
    esri_pe_string:  PROJCS["Lambert_Conformal_Conic",GEOGCS["GCS_Sphere",DAT...
    grid_mapping:    crs
    long_name:       Direct from soil evaporation rate
    units:           kg m-2 s-1
    valid_range:     [-10000000, 10000000]

zarr dz[EDIR].info:
Name               : /EDIR
Type               : zarr.core.Array
Data type          : int32
Shape              : (122479, 3840, 4608)
Chunk shape        : (224, 350, 350)
Order              : C
Read-only          : False
Compressor         : Blosc(cname='lz4', clevel=5, shuffle=SHUFFLE, blocksize=0)
Store type         : zarr.storage.DirectoryStore
No. bytes          : 8668926443520 (7.9T)
No. bytes stored   : 704688889453 (656.3G)
Storage ratio      : 12.3
Chunks initialized : 84238/84238

Un-Compressed Chunk size in MB: 104.67529296875
   Compressed Chunk size in MB: 8.510186420223576

--------

FIRA

xarray ds[FIRA]:
<xarray.DataArray 'FIRA' (time: 122479, y: 3840, x: 4608)>
dask.array<open_dataset-cd44ccd02b6aee93a60e45fbd0a719b4FIRA, shape=(122479, 3840, 4608), dtype=float64, chunksize=(224, 350, 350), chunktype=numpy.ndarray>
Coordinates:
  * time     (time) datetime64[ns] 1979-02-01T03:00:00 ... 2020-12-31T21:00:00
  * x        (x) float64 -2.303e+06 -2.302e+06 ... 2.303e+06 2.304e+06
  * y        (y) float64 -1.92e+06 -1.919e+06 -1.918e+06 ... 1.918e+06 1.919e+06
Attributes:
    esri_pe_string:  PROJCS["Lambert_Conformal_Conic",GEOGCS["GCS_Sphere",DAT...
    grid_mapping:    crs
    long_name:       Total net LW radiation to atmosphere
    units:           W m-2
    valid_range:     [-15000, 15000]

zarr dz[FIRA].info:
Name               : /FIRA
Type               : zarr.core.Array
Data type          : int32
Shape              : (122479, 3840, 4608)
Chunk shape        : (224, 350, 350)
Order              : C
Read-only          : False
Compressor         : Blosc(cname='lz4', clevel=5, shuffle=SHUFFLE, blocksize=0)
Store type         : zarr.storage.DirectoryStore
No. bytes          : 8668926443520 (7.9T)
No. bytes stored   : 2021953966320 (1.8T)
Storage ratio      : 4.3
Chunks initialized : 84238/84238

Un-Compressed Chunk size in MB: 104.67529296875
   Compressed Chunk size in MB: 24.343091388081397

--------

FSA

xarray ds[FSA]:
<xarray.DataArray 'FSA' (time: 122479, y: 3840, x: 4608)>
dask.array<open_dataset-cd44ccd02b6aee93a60e45fbd0a719b4FSA, shape=(122479, 3840, 4608), dtype=float64, chunksize=(224, 350, 350), chunktype=numpy.ndarray>
Coordinates:
  * time     (time) datetime64[ns] 1979-02-01T03:00:00 ... 2020-12-31T21:00:00
  * x        (x) float64 -2.303e+06 -2.302e+06 ... 2.303e+06 2.304e+06
  * y        (y) float64 -1.92e+06 -1.919e+06 -1.918e+06 ... 1.918e+06 1.919e+06
Attributes:
    esri_pe_string:  PROJCS["Lambert_Conformal_Conic",GEOGCS["GCS_Sphere",DAT...
    grid_mapping:    crs
    long_name:       Total absorbed SW radiation
    units:           W m-2
    valid_range:     [-15000, 15000]

zarr dz[FSA].info:
Name               : /FSA
Type               : zarr.core.Array
Data type          : int32
Shape              : (122479, 3840, 4608)
Chunk shape        : (224, 350, 350)
Order              : C
Read-only          : False
Compressor         : Blosc(cname='lz4', clevel=5, shuffle=SHUFFLE, blocksize=0)
Store type         : zarr.storage.DirectoryStore
No. bytes          : 8668926443520 (7.9T)
No. bytes stored   : 1237796902442 (1.1T)
Storage ratio      : 7.0
Chunks initialized : 84238/84238

Un-Compressed Chunk size in MB: 104.67529296875
   Compressed Chunk size in MB: 14.95361328125

--------

FSNO

xarray ds[FSNO]:
<xarray.DataArray 'FSNO' (time: 122479, y: 3840, x: 4608)>
dask.array<open_dataset-cd44ccd02b6aee93a60e45fbd0a719b4FSNO, shape=(122479, 3840, 4608), dtype=float64, chunksize=(224, 350, 350), chunktype=numpy.ndarray>
Coordinates:
  * time     (time) datetime64[ns] 1979-02-01T03:00:00 ... 2020-12-31T21:00:00
  * x        (x) float64 -2.303e+06 -2.302e+06 ... 2.303e+06 2.304e+06
  * y        (y) float64 -1.92e+06 -1.919e+06 -1.918e+06 ... 1.918e+06 1.919e+06
Attributes:
    esri_pe_string:  PROJCS["Lambert_Conformal_Conic",GEOGCS["GCS_Sphere",DAT...
    grid_mapping:    crs
    long_name:       Snow-cover fraction on the ground
    units:           1
    valid_range:     [0, 1000]

zarr dz[FSNO].info:
Name               : /FSNO
Type               : zarr.core.Array
Data type          : int32
Shape              : (122479, 3840, 4608)
Chunk shape        : (224, 350, 350)
Order              : C
Read-only          : False
Compressor         : Blosc(cname='lz4', clevel=5, shuffle=SHUFFLE, blocksize=0)
Store type         : zarr.storage.DirectoryStore
No. bytes          : 8668926443520 (7.9T)
No. bytes stored   : 623992216191 (581.1G)
Storage ratio      : 13.9
Chunks initialized : 84238/84238

Un-Compressed Chunk size in MB: 104.67529296875
   Compressed Chunk size in MB: 7.530596616456834

--------

HFX

xarray ds[HFX]:
<xarray.DataArray 'HFX' (time: 122479, y: 3840, x: 4608)>
dask.array<open_dataset-cd44ccd02b6aee93a60e45fbd0a719b4HFX, shape=(122479, 3840, 4608), dtype=float64, chunksize=(224, 350, 350), chunktype=numpy.ndarray>
Coordinates:
  * time     (time) datetime64[ns] 1979-02-01T03:00:00 ... 2020-12-31T21:00:00
  * x        (x) float64 -2.303e+06 -2.302e+06 ... 2.303e+06 2.304e+06
  * y        (y) float64 -1.92e+06 -1.919e+06 -1.918e+06 ... 1.918e+06 1.919e+06
Attributes:
    esri_pe_string:  PROJCS["Lambert_Conformal_Conic",GEOGCS["GCS_Sphere",DAT...
    grid_mapping:    crs
    long_name:       Total sensible heat to the atmosphere
    units:           W m-2
    valid_range:     [-15000, 15000]

zarr dz[HFX].info:
Name               : /HFX
Type               : zarr.core.Array
Data type          : int32
Shape              : (122479, 3840, 4608)
Chunk shape        : (224, 350, 350)
Order              : C
Read-only          : False
Compressor         : Blosc(cname='lz4', clevel=5, shuffle=SHUFFLE, blocksize=0)
Store type         : zarr.storage.DirectoryStore
No. bytes          : 8668926443520 (7.9T)
No. bytes stored   : 2303034979000 (2.1T)
Storage ratio      : 3.8
Chunks initialized : 84238/84238

Un-Compressed Chunk size in MB: 104.67529296875
   Compressed Chunk size in MB: 27.54612972861842

--------

LH

xarray ds[LH]:
<xarray.DataArray 'LH' (time: 122479, y: 3840, x: 4608)>
dask.array<open_dataset-cd44ccd02b6aee93a60e45fbd0a719b4LH, shape=(122479, 3840, 4608), dtype=float64, chunksize=(224, 350, 350), chunktype=numpy.ndarray>
Coordinates:
  * time     (time) datetime64[ns] 1979-02-01T03:00:00 ... 2020-12-31T21:00:00
  * x        (x) float64 -2.303e+06 -2.302e+06 ... 2.303e+06 2.304e+06
  * y        (y) float64 -1.92e+06 -1.919e+06 -1.918e+06 ... 1.918e+06 1.919e+06
Attributes:
    esri_pe_string:  PROJCS["Lambert_Conformal_Conic",GEOGCS["GCS_Sphere",DAT...
    grid_mapping:    crs
    long_name:       Total latent heat to the atmosphere
    units:           W m-2
    valid_range:     [-15000, 15000]

zarr dz[LH].info:
Name               : /LH
Type               : zarr.core.Array
Data type          : int32
Shape              : (122479, 3840, 4608)
Chunk shape        : (224, 350, 350)
Order              : C
Read-only          : False
Compressor         : Blosc(cname='lz4', clevel=5, shuffle=SHUFFLE, blocksize=0)
Store type         : zarr.storage.DirectoryStore
No. bytes          : 8668926443520 (7.9T)
No. bytes stored   : 2152493795364 (2.0T)
Storage ratio      : 4.0
Chunks initialized : 84238/84238

Un-Compressed Chunk size in MB: 104.67529296875
   Compressed Chunk size in MB: 26.1688232421875

--------

QRAIN

xarray ds[QRAIN]:
<xarray.DataArray 'QRAIN' (time: 122479, y: 3840, x: 4608)>
dask.array<open_dataset-cd44ccd02b6aee93a60e45fbd0a719b4QRAIN, shape=(122479, 3840, 4608), dtype=float64, chunksize=(224, 350, 350), chunktype=numpy.ndarray>
Coordinates:
  * time     (time) datetime64[ns] 1979-02-01T03:00:00 ... 2020-12-31T21:00:00
  * x        (x) float64 -2.303e+06 -2.302e+06 ... 2.303e+06 2.304e+06
  * y        (y) float64 -1.92e+06 -1.919e+06 -1.918e+06 ... 1.918e+06 1.919e+06
Attributes:
    esri_pe_string:  PROJCS["Lambert_Conformal_Conic",GEOGCS["GCS_Sphere",DAT...
    grid_mapping:    crs
    long_name:       Rainfall rate on the ground
    units:           mm s-1
    valid_range:     [0, 10000000]

zarr dz[QRAIN].info:
Name               : /QRAIN
Type               : zarr.core.Array
Data type          : int32
Shape              : (122479, 3840, 4608)
Chunk shape        : (224, 350, 350)
Order              : C
Read-only          : False
Compressor         : Blosc(cname='lz4', clevel=5, shuffle=SHUFFLE, blocksize=0)
Store type         : zarr.storage.DirectoryStore
No. bytes          : 8668926443520 (7.9T)
No. bytes stored   : 519762823710 (484.1G)
Storage ratio      : 16.7
Chunks initialized : 84238/84238

Un-Compressed Chunk size in MB: 104.67529296875
   Compressed Chunk size in MB: 6.26798161489521

--------

QSNOW

xarray ds[QSNOW]:
<xarray.DataArray 'QSNOW' (time: 122479, y: 3840, x: 4608)>
dask.array<open_dataset-cd44ccd02b6aee93a60e45fbd0a719b4QSNOW, shape=(122479, 3840, 4608), dtype=float64, chunksize=(224, 350, 350), chunktype=numpy.ndarray>
Coordinates:
  * time     (time) datetime64[ns] 1979-02-01T03:00:00 ... 2020-12-31T21:00:00
  * x        (x) float64 -2.303e+06 -2.302e+06 ... 2.303e+06 2.304e+06
  * y        (y) float64 -1.92e+06 -1.919e+06 -1.918e+06 ... 1.918e+06 1.919e+06
Attributes:
    esri_pe_string:  PROJCS["Lambert_Conformal_Conic",GEOGCS["GCS_Sphere",DAT...
    grid_mapping:    crs
    long_name:       Snowfall rate on the ground
    units:           mm s-1
    valid_range:     [0, 10000000]

zarr dz[QSNOW].info:
Name               : /QSNOW
Type               : zarr.core.Array
Data type          : int32
Shape              : (122479, 3840, 4608)
Chunk shape        : (224, 350, 350)
Order              : C
Read-only          : False
Compressor         : Blosc(cname='lz4', clevel=5, shuffle=SHUFFLE, blocksize=0)
Store type         : zarr.storage.DirectoryStore
No. bytes          : 8668926443520 (7.9T)
No. bytes stored   : 482345485840 (449.2G)
Storage ratio      : 18.0
Chunks initialized : 84238/84238

Un-Compressed Chunk size in MB: 104.67529296875
   Compressed Chunk size in MB: 5.815294053819445

--------

SNEQV

xarray ds[SNEQV]:
<xarray.DataArray 'SNEQV' (time: 122479, y: 3840, x: 4608)>
dask.array<open_dataset-cd44ccd02b6aee93a60e45fbd0a719b4SNEQV, shape=(122479, 3840, 4608), dtype=float64, chunksize=(224, 350, 350), chunktype=numpy.ndarray>
Coordinates:
  * time     (time) datetime64[ns] 1979-02-01T03:00:00 ... 2020-12-31T21:00:00
  * x        (x) float64 -2.303e+06 -2.302e+06 ... 2.303e+06 2.304e+06
  * y        (y) float64 -1.92e+06 -1.919e+06 -1.918e+06 ... 1.918e+06 1.919e+06
Attributes:
    esri_pe_string:  PROJCS["Lambert_Conformal_Conic",GEOGCS["GCS_Sphere",DAT...
    grid_mapping:    crs
    long_name:       Snow water equivalent
    units:           kg m-2
    valid_range:     [0, 1000000]

zarr dz[SNEQV].info:
Name               : /SNEQV
Type               : zarr.core.Array
Data type          : int32
Shape              : (122479, 3840, 4608)
Chunk shape        : (224, 350, 350)
Order              : C
Read-only          : False
Compressor         : Blosc(cname='lz4', clevel=5, shuffle=SHUFFLE, blocksize=0)
Store type         : zarr.storage.DirectoryStore
No. bytes          : 8668926443520 (7.9T)
No. bytes stored   : 805741529618 (750.4G)
Storage ratio      : 10.8
Chunks initialized : 84238/84238

Un-Compressed Chunk size in MB: 104.67529296875
   Compressed Chunk size in MB: 9.69215675636574

--------

SNOWH

xarray ds[SNOWH]:
<xarray.DataArray 'SNOWH' (time: 122479, y: 3840, x: 4608)>
dask.array<open_dataset-cd44ccd02b6aee93a60e45fbd0a719b4SNOWH, shape=(122479, 3840, 4608), dtype=float64, chunksize=(224, 350, 350), chunktype=numpy.ndarray>
Coordinates:
  * time     (time) datetime64[ns] 1979-02-01T03:00:00 ... 2020-12-31T21:00:00
  * x        (x) float64 -2.303e+06 -2.302e+06 ... 2.303e+06 2.304e+06
  * y        (y) float64 -1.92e+06 -1.919e+06 -1.918e+06 ... 1.918e+06 1.919e+06
Attributes:
    esri_pe_string:  PROJCS["Lambert_Conformal_Conic",GEOGCS["GCS_Sphere",DAT...
    grid_mapping:    crs
    long_name:       Snow depth
    units:           m
    valid_range:     [0, 1000000]

zarr dz[SNOWH].info:
Name               : /SNOWH
Type               : zarr.core.Array
Data type          : int32
Shape              : (122479, 3840, 4608)
Chunk shape        : (224, 350, 350)
Order              : C
Read-only          : False
Compressor         : Blosc(cname='lz4', clevel=5, shuffle=SHUFFLE, blocksize=0)
Store type         : zarr.storage.DirectoryStore
No. bytes          : 8668926443520 (7.9T)
No. bytes stored   : 890365906673 (829.2G)
Storage ratio      : 9.7
Chunks initialized : 84238/84238

Un-Compressed Chunk size in MB: 104.67529296875
   Compressed Chunk size in MB: 10.79126731636598

--------

SOIL_M

xarray ds[SOIL_M]:
<xarray.DataArray 'SOIL_M' (time: 122479, y: 3840, soil_layers_stag: 4, x: 4608)>
dask.array<open_dataset-cd44ccd02b6aee93a60e45fbd0a719b4SOIL_M, shape=(122479, 3840, 4, 4608), dtype=float64, chunksize=(224, 350, 1, 350), chunktype=numpy.ndarray>
Coordinates:
  * time     (time) datetime64[ns] 1979-02-01T03:00:00 ... 2020-12-31T21:00:00
  * x        (x) float64 -2.303e+06 -2.302e+06 ... 2.303e+06 2.304e+06
  * y        (y) float64 -1.92e+06 -1.919e+06 -1.918e+06 ... 1.918e+06 1.919e+06
Dimensions without coordinates: soil_layers_stag
Attributes:
    esri_pe_string:  PROJCS["Lambert_Conformal_Conic",GEOGCS["GCS_Sphere",DAT...
    grid_mapping:    crs
    long_name:       volumetric soil moisture, the dimensionless ratio of wat...
    units:           m3 m-3
    valid_range:     [0, 100]

zarr dz[SOIL_M].info:
Name               : /SOIL_M
Type               : zarr.core.Array
Data type          : int32
Shape              : (122479, 3840, 4, 4608)
Chunk shape        : (224, 350, 1, 350)
Order              : C
Read-only          : False
Compressor         : Blosc(cname='lz4', clevel=5, shuffle=SHUFFLE, blocksize=0)
Store type         : zarr.storage.DirectoryStore
No. bytes          : 34675705774080 (31.5T)
No. bytes stored   : 5359731712080 (4.9T)
Storage ratio      : 6.5
Chunks initialized : 336952/336952

Un-Compressed Chunk size in MB: 104.67529296875
   Compressed Chunk size in MB: 16.10389122596154

--------

SOIL_W

xarray ds[SOIL_W]:
<xarray.DataArray 'SOIL_W' (time: 122479, y: 3840, soil_layers_stag: 4, x: 4608)>
dask.array<open_dataset-cd44ccd02b6aee93a60e45fbd0a719b4SOIL_W, shape=(122479, 3840, 4, 4608), dtype=float64, chunksize=(224, 350, 1, 350), chunktype=numpy.ndarray>
Coordinates:
  * time     (time) datetime64[ns] 1979-02-01T03:00:00 ... 2020-12-31T21:00:00
  * x        (x) float64 -2.303e+06 -2.302e+06 ... 2.303e+06 2.304e+06
  * y        (y) float64 -1.92e+06 -1.919e+06 -1.918e+06 ... 1.918e+06 1.919e+06
Dimensions without coordinates: soil_layers_stag
Attributes:
    esri_pe_string:  PROJCS["Lambert_Conformal_Conic",GEOGCS["GCS_Sphere",DAT...
    grid_mapping:    crs
    long_name:       liquid volumetric soil moisture
    units:           m3 m-3
    valid_range:     [0, 100]

zarr dz[SOIL_W].info:
Name               : /SOIL_W
Type               : zarr.core.Array
Data type          : int32
Shape              : (122479, 3840, 4, 4608)
Chunk shape        : (224, 350, 1, 350)
Order              : C
Read-only          : False
Compressor         : Blosc(cname='lz4', clevel=5, shuffle=SHUFFLE, blocksize=0)
Store type         : zarr.storage.DirectoryStore
No. bytes          : 34675705774080 (31.5T)
No. bytes stored   : 5439664029624 (4.9T)
Storage ratio      : 6.4
Chunks initialized : 336952/336952

Un-Compressed Chunk size in MB: 104.67529296875
   Compressed Chunk size in MB: 16.355514526367188

--------

TRAD

xarray ds[TRAD]:
<xarray.DataArray 'TRAD' (time: 122479, y: 3840, x: 4608)>
dask.array<open_dataset-cd44ccd02b6aee93a60e45fbd0a719b4TRAD, shape=(122479, 3840, 4608), dtype=float64, chunksize=(224, 350, 350), chunktype=numpy.ndarray>
Coordinates:
  * time     (time) datetime64[ns] 1979-02-01T03:00:00 ... 2020-12-31T21:00:00
  * x        (x) float64 -2.303e+06 -2.302e+06 ... 2.303e+06 2.304e+06
  * y        (y) float64 -1.92e+06 -1.919e+06 -1.918e+06 ... 1.918e+06 1.919e+06
Attributes:
    esri_pe_string:  PROJCS["Lambert_Conformal_Conic",GEOGCS["GCS_Sphere",DAT...
    grid_mapping:    crs
    long_name:       Surface radiative temperature
    units:           K
    valid_range:     [0, 4000]

zarr dz[TRAD].info:
Name               : /TRAD
Type               : zarr.core.Array
Data type          : int32
Shape              : (122479, 3840, 4608)
Chunk shape        : (224, 350, 350)
Order              : C
Read-only          : False
Compressor         : Blosc(cname='lz4', clevel=5, shuffle=SHUFFLE, blocksize=0)
Store type         : zarr.storage.DirectoryStore
No. bytes          : 8668926443520 (7.9T)
No. bytes stored   : 1761544444515 (1.6T)
Storage ratio      : 4.9
Chunks initialized : 84238/84238

Un-Compressed Chunk size in MB: 104.67529296875
   Compressed Chunk size in MB: 21.3623046875

--------

UGDRNOFF

xarray ds[UGDRNOFF]:
<xarray.DataArray 'UGDRNOFF' (time: 122479, y: 3840, x: 4608)>
dask.array<open_dataset-cd44ccd02b6aee93a60e45fbd0a719b4UGDRNOFF, shape=(122479, 3840, 4608), dtype=float64, chunksize=(224, 350, 350), chunktype=numpy.ndarray>
Coordinates:
  * time     (time) datetime64[ns] 1979-02-01T03:00:00 ... 2020-12-31T21:00:00
  * x        (x) float64 -2.303e+06 -2.302e+06 ... 2.303e+06 2.304e+06
  * y        (y) float64 -1.92e+06 -1.919e+06 -1.918e+06 ... 1.918e+06 1.919e+06
Attributes:
    esri_pe_string:  PROJCS["Lambert_Conformal_Conic",GEOGCS["GCS_Sphere",DAT...
    grid_mapping:    crs
    long_name:       Accumulated underground runoff
    units:           mm
    valid_range:     [-10000, 10000000]

zarr dz[UGDRNOFF].info:
Name               : /UGDRNOFF
Type               : zarr.core.Array
Data type          : int32
Shape              : (122479, 3840, 4608)
Chunk shape        : (224, 350, 350)
Order              : C
Read-only          : False
Compressor         : Blosc(cname='lz4', clevel=5, shuffle=SHUFFLE, blocksize=0)
Store type         : zarr.storage.DirectoryStore
No. bytes          : 8668926443520 (7.9T)
No. bytes stored   : 2254663345826 (2.1T)
Storage ratio      : 3.8
Chunks initialized : 84238/84238

Un-Compressed Chunk size in MB: 104.67529296875
   Compressed Chunk size in MB: 27.54612972861842

--------

time

xarray ds[time]:
<xarray.DataArray 'time' (time: 122479)>
array(['1979-02-01T03:00:00.000000000', '1979-02-01T06:00:00.000000000',
       '1979-02-01T09:00:00.000000000', ..., '2020-12-31T15:00:00.000000000',
       '2020-12-31T18:00:00.000000000', '2020-12-31T21:00:00.000000000'],
      dtype='datetime64[ns]')
Coordinates:
  * time     (time) datetime64[ns] 1979-02-01T03:00:00 ... 2020-12-31T21:00:00
Attributes:
    long_name:      valid output time
    standard_name:  time
    valid_max:      4862880
    valid_min:      4778100

zarr dz[time].info:
Name               : /time
Type               : zarr.core.Array
Data type          : int64
Shape              : (122479,)
Chunk shape        : (224,)
Order              : C
Read-only          : False
Compressor         : Blosc(cname='lz4', clevel=5, shuffle=SHUFFLE, blocksize=0)
Store type         : zarr.storage.DirectoryStore
No. bytes          : 979832 (956.9K)
No. bytes stored   : 200366 (195.7K)
Storage ratio      : 4.9
Chunks initialized : 547/547

Un-Compressed Chunk size in MB: 0.001708984375
   Compressed Chunk size in MB: 0.0003487723214285714

--------

x

xarray ds[x]:
<xarray.DataArray 'x' (x: 4608)>
array([-2303499.25, -2302499.25, -2301499.25, ...,  2301500.75,  2302500.75,
        2303500.75])
Coordinates:
  * x        (x) float64 -2.303e+06 -2.302e+06 ... 2.303e+06 2.304e+06
Attributes:
    _CoordinateAxisType:  GeoX
    long_name:            x coordinate of projection
    resolution:           1000.0
    standard_name:        projection_x_coordinate
    units:                m

zarr dz[x].info:
Name               : /x
Type               : zarr.core.Array
Data type          : float64
Shape              : (4608,)
Chunk shape        : (4608,)
Order              : C
Read-only          : False
Compressor         : Blosc(cname='lz4', clevel=5, shuffle=SHUFFLE, blocksize=0)
Store type         : zarr.storage.DirectoryStore
No. bytes          : 36864 (36.0K)
No. bytes stored   : 6753 (6.6K)
Storage ratio      : 5.5
Chunks initialized : 1/1

Un-Compressed Chunk size in MB: 0.03515625
   Compressed Chunk size in MB: 0.006392045454545455

--------

y

xarray ds[y]:
<xarray.DataArray 'y' (y: 3840)>
array([-1919500.375, -1918500.375, -1917500.375, ...,  1917499.625,
        1918499.625,  1919499.625])
Coordinates:
  * y        (y) float64 -1.92e+06 -1.919e+06 -1.918e+06 ... 1.918e+06 1.919e+06
Attributes:
    _CoordinateAxisType:  GeoY
    long_name:            y coordinate of projection
    resolution:           1000.0
    standard_name:        projection_y_coordinate
    units:                m

zarr dz[y].info:
Name               : /y
Type               : zarr.core.Array
Data type          : float64
Shape              : (3840,)
Chunk shape        : (3840,)
Order              : C
Read-only          : False
Compressor         : Blosc(cname='lz4', clevel=5, shuffle=SHUFFLE, blocksize=0)
Store type         : zarr.storage.DirectoryStore
No. bytes          : 30720 (30.0K)
No. bytes stored   : 5679 (5.5K)
Storage ratio      : 5.4
Chunks initialized : 1/1

Un-Compressed Chunk size in MB: 0.029296875
   Compressed Chunk size in MB: 0.005425347222222222
