Checking gwout.zarr against its source files
<xarray.Dataset>
Dimensions:     (time: 367439, feature_id: 2776738)
Coordinates:
  * feature_id  (feature_id) int32 6635572 6635590 6635598 ... 25293410 15450136
  * time        (time) datetime64[ns] 1979-02-01T01:00:00 ... 2020-12-31T23:0...
Data variables:
    depth       (time, feature_id) float64 dask.array<chunksize=(672, 30000), meta=np.ndarray>
    inflow      (time, feature_id) float64 dask.array<chunksize=(672, 30000), meta=np.ndarray>
    outflow     (time, feature_id) float64 dask.array<chunksize=(672, 30000), meta=np.ndarray>
Attributes:
    Conventions:          CF-1.6
    TITLE:                OUTPUT FROM WRF-Hydro v5.2.0-beta2
    code_version:         v5.2.0-beta2
    featureType:          timeSeries
    model_configuration:  retrospective
    model_output_type:    groundwater_rt
    station_dimension:    gw_id

Checking a random time in chunk #547 (of 547)...

Check (non-time) static variables once
Checking variable: depth
Checking variable: feature_id
Checking variable: inflow
Checking variable: outflow
Checking time: 2020-12-17T22:00:00.000000000
Checking variable: depth
Checking variable: inflow
Checking variable: outflow

Checking a random time in chunk #546 (of 547)...
Checking time: 2020-11-30T14:00:00.000000000
Checking variable: depth
Checking variable: inflow
Checking variable: outflow

Checking a random time in chunk #545 (of 547)...
Checking time: 2020-10-24T18:00:00.000000000
Checking variable: depth
Checking variable: inflow
Checking variable: outflow

Checking a random time in chunk #544 (of 547)...
Checking time: 2020-09-29T07:00:00.000000000
Checking variable: depth
Checking variable: inflow
Checking variable: outflow

Checking a random time in chunk #543 (of 547)...
Checking time: 2020-09-11T15:00:00.000000000
Checking variable: depth
Checking variable: inflow
Checking variable: outflow

Checking a random time in chunk #542 (of 547)...
Checking time: 2020-08-03T12:00:00.000000000
Checking variable: depth
Checking variable: inflow
Checking variable: outflow

Checking a random time in chunk #541 (of 547)...
Checking time: 2020-07-01T14:00:00.000000000
Checking variable: depth
Checking variable: inflow
Checking variable: outflow

Checking a random time in chunk #540 (of 547)...
Checking time: 2020-06-20T14:00:00.000000000
Checking variable: depth
Checking variable: inflow
Checking variable: outflow

Checking a random time in chunk #539 (of 547)...
Checking time: 2020-05-01T20:00:00.000000000
Checking variable: depth
Checking variable: inflow
Checking variable: outflow

Checking a random time in chunk #538 (of 547)...
Checking time: 2020-04-19T22:00:00.000000000
Checking variable: depth
Checking variable: inflow
Checking variable: outflow

Checking a random time in chunk #537 (of 547)...
Checking time: 2020-03-11T11:00:00.000000000
Checking variable: depth
Checking variable: inflow
Checking variable: outflow

Checking a random time in chunk #536 (of 547)...
Checking time: 2020-02-25T18:00:00.000000000
Checking variable: depth
Checking variable: inflow
Checking variable: outflow

Checking a random time in chunk #535 (of 547)...
Checking time: 2020-01-15T04:00:00.000000000
Checking variable: depth
Checking variable: inflow
Checking variable: outflow

Checking a random time in chunk #534 (of 547)...
Checking time: 2019-12-28T04:00:00.000000000
Checking variable: depth
Checking variable: inflow
Checking variable: outflow

Checking a random time in chunk #533 (of 547)...
Checking time: 2019-11-22T04:00:00.000000000
Checking variable: depth
Checking variable: inflow
Checking variable: outflow

Checking a random time in chunk #532 (of 547)...
Checking time: 2019-11-07T07:00:00.000000000
Checking variable: depth
Checking variable: inflow
Checking variable: outflow

Checking a random time in chunk #531 (of 547)...
Checking time: 2019-09-20T01:00:00.000000000
Checking variable: depth
Checking variable: inflow
Checking variable: outflow

Checking a random time in chunk #530 (of 547)...
Checking time: 2019-08-28T18:00:00.000000000
Checking variable: depth
Checking variable: inflow
Checking variable: outflow

Checking a random time in chunk #529 (of 547)...
Checking time: 2019-08-13T06:00:00.000000000
Checking variable: depth
Checking variable: inflow
Checking variable: outflow

Checking a random time in chunk #528 (of 547)...
Checking time: 2019-07-20T04:00:00.000000000
Checking variable: depth
Checking variable: inflow
Checking variable: outflow

Checking a random time in chunk #527 (of 547)...
Checking time: 2019-06-14T23:00:00.000000000
Checking variable: depth
Checking variable: inflow
Checking variable: outflow

Checking a random time in chunk #526 (of 547)...
Checking time: 2019-05-10T17:00:00.000000000
Checking variable: depth
Checking variable: inflow
Checking variable: outflow

Checking a random time in chunk #525 (of 547)...
Checking time: 2019-04-20T08:00:00.000000000
Checking variable: depth
Checking variable: inflow
Checking variable: outflow

Checking a random time in chunk #524 (of 547)...
Checking time: 2019-03-08T14:00:00.000000000
Checking variable: depth
Checking variable: inflow
Checking variable: outflow

Checking a random time in chunk #523 (of 547)...
Checking time: 2019-02-18T04:00:00.000000000
Checking variable: depth
Checking variable: inflow
Checking variable: outflow

Checking a random time in chunk #522 (of 547)...
Checking time: 2019-02-04T18:00:00.000000000
Checking variable: depth
Checking variable: inflow
Checking variable: outflow

Checking a random time in chunk #521 (of 547)...
Checking time: 2018-12-16T11:00:00.000000000
Checking variable: depth
Checking variable: inflow
Checking variable: outflow

Checking a random time in chunk #520 (of 547)...
Checking time: 2018-11-26T21:00:00.000000000
Checking variable: depth
Checking variable: inflow
Checking variable: outflow

Checking a random time in chunk #519 (of 547)...
Checking time: 2018-11-12T08:00:00.000000000
Checking variable: depth
Checking variable: inflow
Checking variable: outflow

Checking a random time in chunk #518 (of 547)...
Checking time: 2018-09-23T02:00:00.000000000
Checking variable: depth
Checking variable: inflow
Checking variable: outflow

Checking a random time in chunk #517 (of 547)...
Checking time: 2018-09-05T10:00:00.000000000
Checking variable: depth
Checking variable: inflow
Checking variable: outflow

Checking a random time in chunk #516 (of 547)...
Checking time: 2018-08-09T19:00:00.000000000
Checking variable: depth
Checking variable: inflow
Checking variable: outflow

Checking a random time in chunk #515 (of 547)...
Checking time: 2018-07-19T04:00:00.000000000
Checking variable: depth
Checking variable: inflow
Checking variable: outflow

Checking a random time in chunk #514 (of 547)...
Checking time: 2018-06-12T17:00:00.000000000
Checking variable: depth
Checking variable: inflow
Checking variable: outflow

Checking a random time in chunk #513 (of 547)...
Checking time: 2018-05-15T05:00:00.000000000
Checking variable: depth
Checking variable: inflow
Checking variable: outflow

Checking a random time in chunk #512 (of 547)...
Checking time: 2018-04-22T08:00:00.000000000
Checking variable: depth
Checking variable: inflow
Checking variable: outflow

Checking a random time in chunk #511 (of 547)...
Checking time: 2018-03-12T22:00:00.000000000
Checking variable: depth
Checking variable: inflow
Checking variable: outflow

Checking a random time in chunk #510 (of 547)...
Checking time: 2018-03-06T03:00:00.000000000
Checking variable: depth
Checking variable: inflow
Checking variable: outflow

Checking a random time in chunk #509 (of 547)...
Checking time: 2018-02-05T02:00:00.000000000
Checking variable: depth
Checking variable: inflow
Checking variable: outflow

Checking a random time in chunk #508 (of 547)...
Checking time: 2018-01-10T06:00:00.000000000
Checking variable: depth
Checking variable: inflow
Checking variable: outflow

Checking a random time in chunk #507 (of 547)...
Checking time: 2017-11-17T23:00:00.000000000
Checking variable: depth
Checking variable: inflow
Checking variable: outflow

Checking a random time in chunk #506 (of 547)...
Checking time: 2017-10-21T10:00:00.000000000
Checking variable: depth
Checking variable: inflow
Checking variable: outflow

Checking a random time in chunk #505 (of 547)...
Checking time: 2017-10-14T22:00:00.000000000
Checking variable: depth
Checking variable: inflow
Checking variable: outflow

Checking a random time in chunk #504 (of 547)...
Checking time: 2017-08-27T05:00:00.000000000
Checking variable: depth
Checking variable: inflow
Checking variable: outflow

Checking a random time in chunk #503 (of 547)...
Checking time: 2017-08-10T23:00:00.000000000
Checking variable: depth
Checking variable: inflow
Checking variable: outflow

Checking a random time in chunk #502 (of 547)...
Checking time: 2017-07-20T05:00:00.000000000
Checking variable: depth
Checking variable: inflow
Checking variable: outflow

Checking a random time in chunk #501 (of 547)...
Checking time: 2017-06-02T20:00:00.000000000
Checking variable: depth
Checking variable: inflow
Checking variable: outflow

Checking a random time in chunk #500 (of 547)...
Checking time: 2017-05-18T11:00:00.000000000
Checking variable: depth
Checking variable: inflow
Checking variable: outflow

Checking a random time in chunk #499 (of 547)...
Checking time: 2017-04-08T21:00:00.000000000
Checking variable: depth
Checking variable: inflow
Checking variable: outflow

Checking a random time in chunk #498 (of 547)...
Checking time: 2017-03-11T06:00:00.000000000
Checking variable: depth
Checking variable: inflow
Checking variable: outflow

Checking a random time in chunk #497 (of 547)...
Checking time: 2017-02-10T14:00:00.000000000
Checking variable: depth
Checking variable: inflow
Checking variable: outflow

Checking a random time in chunk #496 (of 547)...
Checking time: 2017-01-18T18:00:00.000000000
Checking variable: depth
Checking variable: inflow
Checking variable: outflow

Checking a random time in chunk #495 (of 547)...
Checking time: 2016-12-29T21:00:00.000000000
Checking variable: depth
Checking variable: inflow
Checking variable: outflow

Checking a random time in chunk #494 (of 547)...
Checking time: 2016-11-28T10:00:00.000000000
Checking variable: depth
Checking variable: inflow
Checking variable: outflow

Checking a random time in chunk #493 (of 547)...
Checking time: 2016-11-02T07:00:00.000000000
Checking variable: depth
Checking variable: inflow
Checking variable: outflow

Checking a random time in chunk #492 (of 547)...
Checking time: 2016-10-02T21:00:00.000000000
Checking variable: depth
Checking variable: inflow
Checking variable: outflow

Checking a random time in chunk #491 (of 547)...
Checking time: 2016-09-03T02:00:00.000000000
Checking variable: depth
Checking variable: inflow
Checking variable: outflow

Checking a random time in chunk #490 (of 547)...
Checking time: 2016-07-28T19:00:00.000000000
Checking variable: depth
Checking variable: inflow
Checking variable: outflow

Checking a random time in chunk #489 (of 547)...
Checking time: 2016-07-27T23:00:00.000000000
Checking variable: depth
Checking variable: inflow
Checking variable: outflow

Checking a random time in chunk #488 (of 547)...
Checking time: 2016-06-02T20:00:00.000000000
Checking variable: depth
Checking variable: inflow
Checking variable: outflow

Checking a random time in chunk #487 (of 547)...
Checking time: 2016-05-05T10:00:00.000000000
Checking variable: depth
Checking variable: inflow
Checking variable: outflow

Checking a random time in chunk #486 (of 547)...
Checking time: 2016-04-25T09:00:00.000000000
Checking variable: depth
Checking variable: inflow
Checking variable: outflow

Checking a random time in chunk #485 (of 547)...
Checking time: 2016-03-27T04:00:00.000000000
Checking variable: depth
Checking variable: inflow
Checking variable: outflow

Checking a random time in chunk #484 (of 547)...
Checking time: 2016-02-21T06:00:00.000000000
Checking variable: depth
Checking variable: inflow
Checking variable: outflow

Checking a random time in chunk #483 (of 547)...
Checking time: 2016-01-19T23:00:00.000000000
Checking variable: depth
Checking variable: inflow
Checking variable: outflow

Checking a random time in chunk #482 (of 547)...
Checking time: 2015-12-26T17:00:00.000000000
Checking variable: depth
Checking variable: inflow
Checking variable: outflow

Checking a random time in chunk #481 (of 547)...
Checking time: 2015-12-12T10:00:00.000000000
Checking variable: depth
Checking variable: inflow
Checking variable: outflow

Checking a random time in chunk #480 (of 547)...
Checking time: 2015-10-24T19:00:00.000000000
Checking variable: depth
Checking variable: inflow
Checking variable: outflow

Checking a random time in chunk #479 (of 547)...
Checking time: 2015-10-12T00:00:00.000000000
Checking variable: depth
Checking variable: inflow
Checking variable: outflow

Checking a random time in chunk #478 (of 547)...
Checking time: 2015-08-29T23:00:00.000000000
Checking variable: depth
Checking variable: inflow
Checking variable: outflow

Checking a random time in chunk #477 (of 547)...
Checking time: 2015-08-12T14:00:00.000000000
Checking variable: depth
Checking variable: inflow
Checking variable: outflow

Checking a random time in chunk #476 (of 547)...
Checking time: 2015-07-29T01:00:00.000000000
Checking variable: depth
Checking variable: inflow
Checking variable: outflow

Checking a random time in chunk #475 (of 547)...
Checking time: 2015-06-17T00:00:00.000000000
Checking variable: depth
Checking variable: inflow
Checking variable: outflow

Checking a random time in chunk #474 (of 547)...
Checking time: 2015-05-31T03:00:00.000000000
Checking variable: depth
Checking variable: inflow
Checking variable: outflow

Checking a random time in chunk #473 (of 547)...
Checking time: 2015-04-22T23:00:00.000000000
Checking variable: depth
Checking variable: inflow
Checking variable: outflow

Checking a random time in chunk #472 (of 547)...
Checking time: 2015-03-19T06:00:00.000000000
Checking variable: depth
Checking variable: inflow
Checking variable: outflow

Checking a random time in chunk #471 (of 547)...
Checking time: 2015-03-04T21:00:00.000000000
Checking variable: depth
Checking variable: inflow
Checking variable: outflow

Checking a random time in chunk #470 (of 547)...
Checking time: 2015-01-24T09:00:00.000000000
Checking variable: depth
Checking variable: inflow
Checking variable: outflow

Checking a random time in chunk #469 (of 547)...
Checking time: 2015-01-02T15:00:00.000000000
Checking variable: depth
Checking variable: inflow
Checking variable: outflow

Checking a random time in chunk #468 (of 547)...
Checking time: 2014-12-05T04:00:00.000000000
Checking variable: depth
Checking variable: inflow
Checking variable: outflow

Checking a random time in chunk #467 (of 547)...
Checking time: 2014-11-12T18:00:00.000000000
Checking variable: depth
Checking variable: inflow
Checking variable: outflow

Checking a random time in chunk #466 (of 547)...
Checking time: 2014-10-09T18:00:00.000000000
Checking variable: depth
Checking variable: inflow
Checking variable: outflow

Checking a random time in chunk #465 (of 547)...
Checking time: 2014-09-07T07:00:00.000000000
Checking variable: depth
Checking variable: inflow
Checking variable: outflow

Checking a random time in chunk #464 (of 547)...
Checking time: 2014-08-11T19:00:00.000000000
Checking variable: depth
Checking variable: inflow
Checking variable: outflow

Checking a random time in chunk #463 (of 547)...
Checking time: 2014-07-20T23:00:00.000000000
Checking variable: depth
Checking variable: inflow
Checking variable: outflow

Checking a random time in chunk #462 (of 547)...
Checking time: 2014-07-01T15:00:00.000000000
Checking variable: depth
Checking variable: inflow
Checking variable: outflow

Checking a random time in chunk #461 (of 547)...
Checking time: 2014-06-03T08:00:00.000000000
Checking variable: depth
Checking variable: inflow
Checking variable: outflow

Checking a random time in chunk #460 (of 547)...
Checking time: 2014-05-06T02:00:00.000000000
Checking variable: depth
Checking variable: inflow
Checking variable: outflow

Checking a random time in chunk #459 (of 547)...
Checking time: 2014-04-02T17:00:00.000000000
Checking variable: depth
Checking variable: inflow
Checking variable: outflow

Checking a random time in chunk #458 (of 547)...
Checking time: 2014-02-28T02:00:00.000000000
Checking variable: depth
Checking variable: inflow
Checking variable: outflow

Checking a random time in chunk #457 (of 547)...
Checking time: 2014-01-22T10:00:00.000000000
Checking variable: depth
Checking variable: inflow
Checking variable: outflow

Checking a random time in chunk #456 (of 547)...
Checking time: 2013-12-20T13:00:00.000000000
Checking variable: depth
Checking variable: inflow
Checking variable: outflow

Checking a random time in chunk #455 (of 547)...
Checking time: 2013-12-11T22:00:00.000000000
Checking variable: depth
Checking variable: inflow
Checking variable: outflow

Checking a random time in chunk #454 (of 547)...
Checking time: 2013-11-03T18:00:00.000000000
Checking variable: depth
Checking variable: inflow
Checking variable: outflow

Checking a random time in chunk #453 (of 547)...
Checking time: 2013-09-29T08:00:00.000000000
Checking variable: depth
Checking variable: inflow
Checking variable: outflow

Checking a random time in chunk #452 (of 547)...
Checking time: 2013-09-21T12:00:00.000000000
Checking variable: depth
Checking variable: inflow
Checking variable: outflow

Checking a random time in chunk #451 (of 547)...
Checking time: 2013-08-19T18:00:00.000000000
Checking variable: depth
Checking variable: inflow
Checking variable: outflow

Checking a random time in chunk #450 (of 547)...
Checking time: 2013-07-23T11:00:00.000000000
Checking variable: depth
Checking variable: inflow
Checking variable: outflow

Checking a random time in chunk #449 (of 547)...
Checking time: 2013-06-16T10:00:00.000000000
Checking variable: depth
Checking variable: inflow
Checking variable: outflow

Checking a random time in chunk #448 (of 547)...
Checking time: 2013-05-27T19:00:00.000000000
Checking variable: depth
Checking variable: inflow
Checking variable: outflow

Checking a random time in chunk #447 (of 547)...
Checking time: 2013-04-29T23:00:00.000000000
Checking variable: depth
Checking variable: inflow
Checking variable: outflow

Checking a random time in chunk #446 (of 547)...
Checking time: 2013-03-22T22:00:00.000000000
Checking variable: depth
Checking variable: inflow
Checking variable: outflow

Checking a random time in chunk #445 (of 547)...
Checking time: 2013-02-18T11:00:00.000000000
Checking variable: depth
Checking variable: inflow
Checking variable: outflow

Checking a random time in chunk #444 (of 547)...
Checking time: 2013-01-20T04:00:00.000000000
Checking variable: depth
Checking variable: inflow
Checking variable: outflow

Checking a random time in chunk #443 (of 547)...
Checking time: 2013-01-04T07:00:00.000000000
Checking variable: depth
Checking variable: inflow
Checking variable: outflow

Checking a random time in chunk #442 (of 547)...
Checking time: 2012-12-03T13:00:00.000000000
Checking variable: depth
Checking variable: inflow
Checking variable: outflow

Checking a random time in chunk #441 (of 547)...
Checking time: 2012-11-12T19:00:00.000000000
Checking variable: depth
Checking variable: inflow
Checking variable: outflow

Checking a random time in chunk #440 (of 547)...
Checking time: 2012-10-14T10:00:00.000000000
Checking variable: depth
Checking variable: inflow
Checking variable: outflow

Checking a random time in chunk #439 (of 547)...
Checking time: 2012-09-16T04:00:00.000000000
Checking variable: depth
Checking variable: inflow
Checking variable: outflow

Checking a random time in chunk #438 (of 547)...
Checking time: 2012-08-20T01:00:00.000000000
Checking variable: depth
Checking variable: inflow
Checking variable: outflow

Checking a random time in chunk #437 (of 547)...
Checking time: 2012-07-07T17:00:00.000000000
Checking variable: depth
Checking variable: inflow
Checking variable: outflow

Checking a random time in chunk #436 (of 547)...
Checking time: 2012-06-18T18:00:00.000000000
Checking variable: depth
Checking variable: inflow
Checking variable: outflow

Checking a random time in chunk #435 (of 547)...
Checking time: 2012-05-18T05:00:00.000000000
Checking variable: depth
Checking variable: inflow
Checking variable: outflow

Checking a random time in chunk #434 (of 547)...
Checking time: 2012-04-18T08:00:00.000000000
Checking variable: depth
Checking variable: inflow
Checking variable: outflow

Checking a random time in chunk #433 (of 547)...
Checking time: 2012-04-12T00:00:00.000000000
Checking variable: depth
Checking variable: inflow
Checking variable: outflow

Checking a random time in chunk #432 (of 547)...
Checking time: 2012-02-18T08:00:00.000000000
Checking variable: depth
Checking variable: inflow
Checking variable: outflow

Checking a random time in chunk #431 (of 547)...
Checking time: 2012-01-25T01:00:00.000000000
Checking variable: depth
Checking variable: inflow
Checking variable: outflow

Checking a random time in chunk #430 (of 547)...
Checking time: 2011-12-26T12:00:00.000000000
Checking variable: depth
Checking variable: inflow
Checking variable: outflow

Checking a random time in chunk #429 (of 547)...
Checking time: 2011-12-07T06:00:00.000000000
Checking variable: depth
Checking variable: inflow
Checking variable: outflow

Checking a random time in chunk #428 (of 547)...
Checking time: 2011-11-20T14:00:00.000000000
Checking variable: depth
Checking variable: inflow
Checking variable: outflow

Checking a random time in chunk #427 (of 547)...
Checking time: 2011-10-19T01:00:00.000000000
Checking variable: depth
Checking variable: inflow
Checking variable: outflow

Checking a random time in chunk #426 (of 547)...
Checking time: 2011-09-26T06:00:00.000000000
Checking variable: depth
Checking variable: inflow
Checking variable: outflow

Checking a random time in chunk #425 (of 547)...
Checking time: 2011-08-27T04:00:00.000000000
Checking variable: depth
Checking variable: inflow
Checking variable: outflow

Checking a random time in chunk #424 (of 547)...
Checking time: 2011-07-21T05:00:00.000000000
Checking variable: depth
Checking variable: inflow
Checking variable: outflow

Checking a random time in chunk #423 (of 547)...
Checking time: 2011-07-06T11:00:00.000000000
Checking variable: depth
Checking variable: inflow
Checking variable: outflow

Checking a random time in chunk #422 (of 547)...
Checking time: 2011-05-19T20:00:00.000000000
Checking variable: depth
Checking variable: inflow
Checking variable: outflow

Checking a random time in chunk #421 (of 547)...
Checking time: 2011-05-06T04:00:00.000000000
Checking variable: depth
Checking variable: inflow
Checking variable: outflow

Checking a random time in chunk #420 (of 547)...
Checking time: 2011-03-21T04:00:00.000000000
Checking variable: depth
Checking variable: inflow
Checking variable: outflow

Checking a random time in chunk #419 (of 547)...
Checking time: 2011-02-23T01:00:00.000000000
Checking variable: depth
Checking variable: inflow
Checking variable: outflow

Checking a random time in chunk #418 (of 547)...
Checking time: 2011-01-21T12:00:00.000000000
Checking variable: depth
Checking variable: inflow
Checking variable: outflow

Checking a random time in chunk #417 (of 547)...
Checking time: 2010-12-29T08:00:00.000000000
Checking variable: depth
Checking variable: inflow
Checking variable: outflow

Checking a random time in chunk #416 (of 547)...
Checking time: 2010-11-30T09:00:00.000000000
Checking variable: depth
Checking variable: inflow
Checking variable: outflow

Checking a random time in chunk #415 (of 547)...
Checking time: 2010-11-12T16:00:00.000000000
Checking variable: depth
Checking variable: inflow
Checking variable: outflow

Checking a random time in chunk #414 (of 547)...
Checking time: 2010-10-15T21:00:00.000000000
Checking variable: depth
Checking variable: inflow
Checking variable: outflow

Checking a random time in chunk #413 (of 547)...
Checking time: 2010-09-11T05:00:00.000000000
Checking variable: depth
Checking variable: inflow
Checking variable: outflow

Checking a random time in chunk #412 (of 547)...
Checking time: 2010-08-21T23:00:00.000000000
Checking variable: depth
Checking variable: inflow
Checking variable: outflow

Checking a random time in chunk #411 (of 547)...
Checking time: 2010-07-14T05:00:00.000000000
Checking variable: depth
Checking variable: inflow
Checking variable: outflow

Checking a random time in chunk #410 (of 547)...
Checking time: 2010-06-20T09:00:00.000000000
Checking variable: depth
Checking variable: inflow
Checking variable: outflow

Checking a random time in chunk #409 (of 547)...
Checking time: 2010-05-22T08:00:00.000000000
Checking variable: depth
Checking variable: inflow
Checking variable: outflow

Checking a random time in chunk #408 (of 547)...
Checking time: 2010-05-03T09:00:00.000000000
Checking variable: depth
Checking variable: inflow
Checking variable: outflow

Checking a random time in chunk #407 (of 547)...
Checking time: 2010-04-10T06:00:00.000000000
Checking variable: depth
Checking variable: inflow
Checking variable: outflow

Checking a random time in chunk #406 (of 547)...
Checking time: 2010-03-14T02:00:00.000000000
Checking variable: depth
Checking variable: inflow
Checking variable: outflow

Checking a random time in chunk #405 (of 547)...
Checking time: 2010-01-23T10:00:00.000000000
Checking variable: depth
Checking variable: inflow
Checking variable: outflow

Checking a random time in chunk #404 (of 547)...
Checking time: 2010-01-16T03:00:00.000000000
Checking variable: depth
Checking variable: inflow
Checking variable: outflow

Checking a random time in chunk #403 (of 547)...
Checking time: 2009-12-02T10:00:00.000000000
Checking variable: depth
Checking variable: inflow
Checking variable: outflow

Checking a random time in chunk #402 (of 547)...
Checking time: 2009-11-20T06:00:00.000000000
Checking variable: depth
Checking variable: inflow
Checking variable: outflow

Checking a random time in chunk #401 (of 547)...
Checking time: 2009-10-19T17:00:00.000000000
Checking variable: depth
Checking variable: inflow
Checking variable: outflow

Checking a random time in chunk #400 (of 547)...
Checking time: 2009-09-20T11:00:00.000000000
Checking variable: depth
Checking variable: inflow
Checking variable: outflow

Checking a random time in chunk #399 (of 547)...
Checking time: 2009-09-02T19:00:00.000000000
Checking variable: depth
Checking variable: inflow
Checking variable: outflow

Checking a random time in chunk #398 (of 547)...
Checking time: 2009-08-05T01:00:00.000000000
Checking variable: depth
Checking variable: inflow
Checking variable: outflow

Checking a random time in chunk #397 (of 547)...
Checking time: 2009-06-30T19:00:00.000000000
Checking variable: depth
Checking variable: inflow
Checking variable: outflow

Checking a random time in chunk #396 (of 547)...
Checking time: 2009-05-19T09:00:00.000000000
Checking variable: depth
Checking variable: inflow
Checking variable: outflow

Checking a random time in chunk #395 (of 547)...
Checking time: 2009-04-30T11:00:00.000000000
Checking variable: depth
Checking variable: inflow
Checking variable: outflow

Checking a random time in chunk #394 (of 547)...
Checking time: 2009-04-08T16:00:00.000000000
Checking variable: depth
Checking variable: inflow
Checking variable: outflow

Checking a random time in chunk #393 (of 547)...
Checking time: 2009-03-08T11:00:00.000000000
Checking variable: depth
Checking variable: inflow
Checking variable: outflow

Checking a random time in chunk #392 (of 547)...
Checking time: 2009-02-16T09:00:00.000000000
Checking variable: depth
Checking variable: inflow
Checking variable: outflow

Checking a random time in chunk #391 (of 547)...
Checking time: 2009-01-14T13:00:00.000000000
Checking variable: depth
Checking variable: inflow
Checking variable: outflow

Checking a random time in chunk #390 (of 547)...
Checking time: 2008-12-14T11:00:00.000000000
Checking variable: depth
Checking variable: inflow
Checking variable: outflow

Checking a random time in chunk #389 (of 547)...
Checking time: 2008-11-24T07:00:00.000000000
Checking variable: depth
Checking variable: inflow
Checking variable: outflow

Checking a random time in chunk #388 (of 547)...
Checking time: 2008-10-08T08:00:00.000000000
Checking variable: depth
Checking variable: inflow
Checking variable: outflow

Checking a random time in chunk #387 (of 547)...
Checking time: 2008-09-28T02:00:00.000000000
Checking variable: depth
Checking variable: inflow
Checking variable: outflow

Checking a random time in chunk #386 (of 547)...
Checking time: 2008-08-16T16:00:00.000000000
Checking variable: depth
Checking variable: inflow
Checking variable: outflow

Checking a random time in chunk #385 (of 547)...
Checking time: 2008-07-24T07:00:00.000000000
Checking variable: depth
Checking variable: inflow
Checking variable: outflow

Checking a random time in chunk #384 (of 547)...
Checking time: 2008-07-09T00:00:00.000000000
Checking variable: depth
Checking variable: inflow
Checking variable: outflow

Checking a random time in chunk #383 (of 547)...
Checking time: 2008-05-28T14:00:00.000000000
Checking variable: depth
Checking variable: inflow
Checking variable: outflow

Checking a random time in chunk #382 (of 547)...
Checking time: 2008-04-23T09:00:00.000000000
Checking variable: depth
Checking variable: inflow
Checking variable: outflow

Checking a random time in chunk #381 (of 547)...
Checking time: 2008-04-12T07:00:00.000000000
Checking variable: depth
Checking variable: inflow
Checking variable: outflow

Checking a random time in chunk #380 (of 547)...
Checking time: 2008-03-14T22:00:00.000000000
Checking variable: depth
Checking variable: inflow
Checking variable: outflow

Checking a random time in chunk #379 (of 547)...
Checking time: 2008-01-24T13:00:00.000000000
Checking variable: depth
Checking variable: inflow
Checking variable: outflow

Checking a random time in chunk #378 (of 547)...
Checking time: 2008-01-03T19:00:00.000000000
Checking variable: depth
Checking variable: inflow
Checking variable: outflow

Checking a random time in chunk #377 (of 547)...
Checking time: 2007-11-29T19:00:00.000000000
Checking variable: depth
Checking variable: inflow
Checking variable: outflow

Checking a random time in chunk #376 (of 547)...
Checking time: 2007-11-09T21:00:00.000000000
Checking variable: depth
Checking variable: inflow
Checking variable: outflow

Checking a random time in chunk #375 (of 547)...
Checking time: 2007-10-16T06:00:00.000000000
Checking variable: depth
Checking variable: inflow
Checking variable: outflow

Checking a random time in chunk #374 (of 547)...
Checking time: 2007-09-24T09:00:00.000000000
Checking variable: depth
Checking variable: inflow
Checking variable: outflow

Checking a random time in chunk #373 (of 547)...
Checking time: 2007-09-02T05:00:00.000000000
Checking variable: depth
Checking variable: inflow
Checking variable: outflow

Checking a random time in chunk #372 (of 547)...
Checking time: 2007-07-19T02:00:00.000000000
Checking variable: depth
Checking variable: inflow
Checking variable: outflow

Checking a random time in chunk #371 (of 547)...
Checking time: 2007-06-19T23:00:00.000000000
Checking variable: depth
Checking variable: inflow
Checking variable: outflow

Checking a random time in chunk #370 (of 547)...
Checking time: 2007-05-24T07:00:00.000000000
Checking variable: depth
Checking variable: inflow
Checking variable: outflow

Checking a random time in chunk #369 (of 547)...
Checking time: 2007-05-04T04:00:00.000000000
Checking variable: depth
Checking variable: inflow
Checking variable: outflow

Checking a random time in chunk #368 (of 547)...
Checking time: 2007-04-16T19:00:00.000000000
Checking variable: depth
Checking variable: inflow
Checking variable: outflow

Checking a random time in chunk #367 (of 547)...
Checking time: 2007-03-11T17:00:00.000000000
Checking variable: depth
Checking variable: inflow
Checking variable: outflow

Checking a random time in chunk #366 (of 547)...
Checking time: 2007-02-13T00:00:00.000000000
Checking variable: depth
Checking variable: inflow
Checking variable: outflow

Checking a random time in chunk #365 (of 547)...
Checking time: 2007-01-05T07:00:00.000000000
Checking variable: depth
Checking variable: inflow
Checking variable: outflow

Checking a random time in chunk #364 (of 547)...
Checking time: 2006-12-08T05:00:00.000000000
Checking variable: depth
Checking variable: inflow
Checking variable: outflow

Checking a random time in chunk #363 (of 547)...
Checking time: 2006-11-29T06:00:00.000000000
Checking variable: depth
Checking variable: inflow
Checking variable: outflow

Checking a random time in chunk #362 (of 547)...
Checking time: 2006-10-28T08:00:00.000000000
Checking variable: depth
Checking variable: inflow
Checking variable: outflow

Checking a random time in chunk #361 (of 547)...
Checking time: 2006-09-11T15:00:00.000000000
Checking variable: depth
Checking variable: inflow
Checking variable: outflow

Checking a random time in chunk #360 (of 547)...
Checking time: 2006-08-15T09:00:00.000000000
Checking variable: depth
Checking variable: inflow
Checking variable: outflow

Checking a random time in chunk #359 (of 547)...
Checking time: 2006-07-15T23:00:00.000000000
Checking variable: depth
Checking variable: inflow
Checking variable: outflow

Checking a random time in chunk #358 (of 547)...
Checking time: 2006-07-07T13:00:00.000000000
Checking variable: depth
Checking variable: inflow
Checking variable: outflow

Checking a random time in chunk #357 (of 547)...
Checking time: 2006-06-07T09:00:00.000000000
Checking variable: depth
Checking variable: inflow
Checking variable: outflow

Checking a random time in chunk #356 (of 547)...
Checking time: 2006-05-01T23:00:00.000000000
Checking variable: depth
Checking variable: inflow
Checking variable: outflow

Checking a random time in chunk #355 (of 547)...
Checking time: 2006-04-05T11:00:00.000000000
Checking variable: depth
Checking variable: inflow
Checking variable: outflow

Checking a random time in chunk #354 (of 547)...
Checking time: 2006-02-28T08:00:00.000000000
Checking variable: depth
Checking variable: inflow
Checking variable: outflow

Checking a random time in chunk #353 (of 547)...
Checking time: 2006-02-20T14:00:00.000000000
Checking variable: depth
Checking variable: inflow
Checking variable: outflow

Checking a random time in chunk #352 (of 547)...
Checking time: 2006-01-11T19:00:00.000000000
Checking variable: depth
Checking variable: inflow
Checking variable: outflow

Checking a random time in chunk #351 (of 547)...
Checking time: 2005-12-01T21:00:00.000000000
Checking variable: depth
Checking variable: inflow
Checking variable: outflow

Checking a random time in chunk #350 (of 547)...
Checking time: 2005-11-15T16:00:00.000000000
Checking variable: depth
Checking variable: inflow
Checking variable: outflow

Checking a random time in chunk #349 (of 547)...
Checking time: 2005-10-17T11:00:00.000000000
Checking variable: depth
Checking variable: inflow
Checking variable: outflow

Checking a random time in chunk #348 (of 547)...
Checking time: 2005-09-25T02:00:00.000000000
Checking variable: depth
Checking variable: inflow
Checking variable: outflow

Checking a random time in chunk #347 (of 547)...
Checking time: 2005-08-20T05:00:00.000000000
Checking variable: depth
Checking variable: inflow
Checking variable: outflow

Checking a random time in chunk #346 (of 547)...
Checking time: 2005-07-24T09:00:00.000000000
Checking variable: depth
Checking variable: inflow
Checking variable: outflow

Checking a random time in chunk #345 (of 547)...
Checking time: 2005-07-12T17:00:00.000000000
Checking variable: depth
Checking variable: inflow
Checking variable: outflow

Checking a random time in chunk #344 (of 547)...
Checking time: 2005-05-27T00:00:00.000000000
Checking variable: depth
Checking variable: inflow
Checking variable: outflow

Checking a random time in chunk #343 (of 547)...
Checking time: 2005-04-30T15:00:00.000000000
Checking variable: depth
Checking variable: inflow
Checking variable: outflow

Checking a random time in chunk #342 (of 547)...
Checking time: 2005-04-15T02:00:00.000000000
Checking variable: depth
Checking variable: inflow
Checking variable: outflow

Checking a random time in chunk #341 (of 547)...
Checking time: 2005-02-24T13:00:00.000000000
Checking variable: depth
Checking variable: inflow
Checking variable: outflow

Checking a random time in chunk #340 (of 547)...
Checking time: 2005-02-20T19:00:00.000000000
Checking variable: depth
Checking variable: inflow
Checking variable: outflow

Checking a random time in chunk #339 (of 547)...
Checking time: 2005-01-12T21:00:00.000000000
Checking variable: depth
Checking variable: inflow
Checking variable: outflow

Checking a random time in chunk #338 (of 547)...
Checking time: 2004-12-15T15:00:00.000000000
Checking variable: depth
Checking variable: inflow
Checking variable: outflow

Checking a random time in chunk #337 (of 547)...
Checking time: 2004-11-12T17:00:00.000000000
Checking variable: depth
Checking variable: inflow
Checking variable: outflow

Checking a random time in chunk #336 (of 547)...
Checking time: 2004-11-04T00:00:00.000000000
Checking variable: depth
Checking variable: inflow
Checking variable: outflow

Checking a random time in chunk #335 (of 547)...
Checking time: 2004-09-23T14:00:00.000000000
Checking variable: depth
Checking variable: inflow
Checking variable: outflow

Checking a random time in chunk #334 (of 547)...
Checking time: 2004-08-31T07:00:00.000000000
Checking variable: depth
Checking variable: inflow
Checking variable: outflow

Checking a random time in chunk #333 (of 547)...
Checking time: 2004-07-22T19:00:00.000000000
Checking variable: depth
Checking variable: inflow
Checking variable: outflow

Checking a random time in chunk #332 (of 547)...
Checking time: 2004-06-18T01:00:00.000000000
Checking variable: depth
Checking variable: inflow
Checking variable: outflow

Checking a random time in chunk #331 (of 547)...
Checking time: 2004-06-03T15:00:00.000000000
Checking variable: depth
Checking variable: inflow
Checking variable: outflow

Checking a random time in chunk #330 (of 547)...
Checking time: 2004-05-06T05:00:00.000000000
Checking variable: depth
Checking variable: inflow
Checking variable: outflow

Checking a random time in chunk #329 (of 547)...
Checking time: 2004-04-17T04:00:00.000000000
Checking variable: depth
Checking variable: inflow
Checking variable: outflow

Checking a random time in chunk #328 (of 547)...
Checking time: 2004-03-12T09:00:00.000000000
Checking variable: depth
Checking variable: inflow
Checking variable: outflow

Checking a random time in chunk #327 (of 547)...
Checking time: 2004-02-01T18:00:00.000000000
Checking variable: depth
Checking variable: inflow
Checking variable: outflow

Checking a random time in chunk #326 (of 547)...
Checking time: 2004-01-20T19:00:00.000000000
Checking variable: depth
Checking variable: inflow
Checking variable: outflow

Checking a random time in chunk #325 (of 547)...
Checking time: 2003-12-22T03:00:00.000000000
Checking variable: depth
Checking variable: inflow
Checking variable: outflow

Checking a random time in chunk #324 (of 547)...
Checking time: 2003-11-07T23:00:00.000000000
Checking variable: depth
Checking variable: inflow
Checking variable: outflow

Checking a random time in chunk #323 (of 547)...
Checking time: 2003-10-13T21:00:00.000000000
Checking variable: depth
Checking variable: inflow
Checking variable: outflow

Checking a random time in chunk #322 (of 547)...
Checking time: 2003-09-14T09:00:00.000000000
Checking variable: depth
Checking variable: inflow
Checking variable: outflow

Checking a random time in chunk #321 (of 547)...
Checking time: 2003-08-18T14:00:00.000000000
Checking variable: depth
Checking variable: inflow
Checking variable: outflow

Checking a random time in chunk #320 (of 547)...
Checking time: 2003-07-29T02:00:00.000000000
Checking variable: depth
Checking variable: inflow
Checking variable: outflow

Checking a random time in chunk #319 (of 547)...
Checking time: 2003-06-23T02:00:00.000000000
Checking variable: depth
Checking variable: inflow
Checking variable: outflow

Checking a random time in chunk #318 (of 547)...
Checking time: 2003-06-14T00:00:00.000000000
Checking variable: depth
Checking variable: inflow
Checking variable: outflow

Checking a random time in chunk #317 (of 547)...
Checking time: 2003-05-11T20:00:00.000000000
Checking variable: depth
Checking variable: inflow
Checking variable: outflow

Checking a random time in chunk #316 (of 547)...
Checking time: 2003-04-08T08:00:00.000000000
Checking variable: depth
Checking variable: inflow
Checking variable: outflow

Checking a random time in chunk #315 (of 547)...
Checking time: 2003-03-10T10:00:00.000000000
Checking variable: depth
Checking variable: inflow
Checking variable: outflow

Checking a random time in chunk #314 (of 547)...
Checking time: 2003-02-21T19:00:00.000000000
Checking variable: depth
Checking variable: inflow
Checking variable: outflow

Checking a random time in chunk #313 (of 547)...
Checking time: 2003-01-24T10:00:00.000000000
Checking variable: depth
Checking variable: inflow
Checking variable: outflow

Checking a random time in chunk #312 (of 547)...
Checking time: 2002-12-24T21:00:00.000000000
Checking variable: depth
Checking variable: inflow
Checking variable: outflow

Checking a random time in chunk #311 (of 547)...
Checking time: 2002-11-21T20:00:00.000000000
Checking variable: depth
Checking variable: inflow
Checking variable: outflow

Checking a random time in chunk #310 (of 547)...
Checking time: 2002-10-19T13:00:00.000000000
Checking variable: depth
Checking variable: inflow
Checking variable: outflow

Checking a random time in chunk #309 (of 547)...
Checking time: 2002-09-16T03:00:00.000000000
Checking variable: depth
Checking variable: inflow
Checking variable: outflow

Checking a random time in chunk #308 (of 547)...
Checking time: 2002-08-15T22:00:00.000000000
Checking variable: depth
Checking variable: inflow
Checking variable: outflow

Checking a random time in chunk #307 (of 547)...
Checking time: 2002-07-26T19:00:00.000000000
Checking variable: depth
Checking variable: inflow
Checking variable: outflow

Checking a random time in chunk #306 (of 547)...
Checking time: 2002-06-24T02:00:00.000000000
Checking variable: depth
Checking variable: inflow
Checking variable: outflow

Checking a random time in chunk #305 (of 547)...
Checking time: 2002-05-28T08:00:00.000000000
Checking variable: depth
Checking variable: inflow
Checking variable: outflow

Checking a random time in chunk #304 (of 547)...
Checking time: 2002-05-14T00:00:00.000000000
Checking variable: depth
Checking variable: inflow
Checking variable: outflow

Checking a random time in chunk #303 (of 547)...
Checking time: 2002-04-08T08:00:00.000000000
Checking variable: depth
Checking variable: inflow
Checking variable: outflow

Checking a random time in chunk #302 (of 547)...
Checking time: 2002-03-17T00:00:00.000000000
Checking variable: depth
Checking variable: inflow
Checking variable: outflow

Checking a random time in chunk #301 (of 547)...
Checking time: 2002-02-18T16:00:00.000000000
Checking variable: depth
Checking variable: inflow
Checking variable: outflow

Checking a random time in chunk #300 (of 547)...
Checking time: 2002-01-27T06:00:00.000000000
Checking variable: depth
Checking variable: inflow
Checking variable: outflow

Checking a random time in chunk #299 (of 547)...
Checking time: 2001-12-16T09:00:00.000000000
Checking variable: depth
Checking variable: inflow
Checking variable: outflow

Checking a random time in chunk #298 (of 547)...
Checking time: 2001-11-17T06:00:00.000000000
Checking variable: depth
Checking variable: inflow
Checking variable: outflow

Checking a random time in chunk #297 (of 547)...
Checking time: 2001-10-30T09:00:00.000000000
Checking variable: depth
Checking variable: inflow
Checking variable: outflow

Checking a random time in chunk #296 (of 547)...
Checking time: 2001-10-07T06:00:00.000000000
Checking variable: depth
Checking variable: inflow
Checking variable: outflow

Checking a random time in chunk #295 (of 547)...
Checking time: 2001-08-30T19:00:00.000000000
Checking variable: depth
Checking variable: inflow
Checking variable: outflow

Checking a random time in chunk #294 (of 547)...
Checking time: 2001-07-26T12:00:00.000000000
Checking variable: depth
Checking variable: inflow
Checking variable: outflow

Checking a random time in chunk #293 (of 547)...
Checking time: 2001-07-01T05:00:00.000000000
Checking variable: depth
Checking variable: inflow
Checking variable: outflow

Checking a random time in chunk #292 (of 547)...
Checking time: 2001-06-11T20:00:00.000000000
Checking variable: depth
Checking variable: inflow
Checking variable: outflow

Checking a random time in chunk #291 (of 547)...
Checking time: 2001-04-27T11:00:00.000000000
Checking variable: depth
Checking variable: inflow
Checking variable: outflow

Checking a random time in chunk #290 (of 547)...
Checking time: 2001-04-24T10:00:00.000000000
Checking variable: depth
Checking variable: inflow
Checking variable: outflow

Checking a random time in chunk #289 (of 547)...
Checking time: 2001-03-28T19:00:00.000000000
Checking variable: depth
Checking variable: inflow
Checking variable: outflow

Checking a random time in chunk #288 (of 547)...
Checking time: 2001-02-21T11:00:00.000000000
Checking variable: depth
Checking variable: inflow
Checking variable: outflow

Checking a random time in chunk #287 (of 547)...
Checking time: 2001-01-13T16:00:00.000000000
Checking variable: depth
Checking variable: inflow
Checking variable: outflow

Checking a random time in chunk #286 (of 547)...
Checking time: 2000-12-20T05:00:00.000000000
Checking variable: depth
Checking variable: inflow
Checking variable: outflow

Checking a random time in chunk #285 (of 547)...
Checking time: 2000-11-16T17:00:00.000000000
Checking variable: depth
Checking variable: inflow
Checking variable: outflow

Checking a random time in chunk #284 (of 547)...
Checking time: 2000-10-30T10:00:00.000000000
Checking variable: depth
Checking variable: inflow
Checking variable: outflow

Checking a random time in chunk #283 (of 547)...
Checking time: 2000-09-14T05:00:00.000000000
Checking variable: depth
Checking variable: inflow
Checking variable: outflow

Checking a random time in chunk #282 (of 547)...
Checking time: 2000-08-19T19:00:00.000000000
Checking variable: depth
Checking variable: inflow
Checking variable: outflow

Checking a random time in chunk #281 (of 547)...
Checking time: 2000-08-02T19:00:00.000000000
Checking variable: depth
Checking variable: inflow
Checking variable: outflow

Checking a random time in chunk #280 (of 547)...
Checking time: 2000-07-05T22:00:00.000000000
Checking variable: depth
Checking variable: inflow
Checking variable: outflow

Checking a random time in chunk #279 (of 547)...
Checking time: 2000-06-05T19:00:00.000000000
Checking variable: depth
Checking variable: inflow
Checking variable: outflow

Checking a random time in chunk #278 (of 547)...
Checking time: 2000-05-12T04:00:00.000000000
Checking variable: depth
Checking variable: inflow
Checking variable: outflow

Checking a random time in chunk #277 (of 547)...
Checking time: 2000-04-06T22:00:00.000000000
Checking variable: depth
Checking variable: inflow
Checking variable: outflow

Checking a random time in chunk #276 (of 547)...
Checking time: 2000-03-21T11:00:00.000000000
Checking variable: depth
Checking variable: inflow
Checking variable: outflow

Checking a random time in chunk #275 (of 547)...
Checking time: 2000-02-19T01:00:00.000000000
Checking variable: depth
Checking variable: inflow
Checking variable: outflow

Checking a random time in chunk #274 (of 547)...
Checking time: 2000-01-14T00:00:00.000000000
Checking variable: depth
Checking variable: inflow
Checking variable: outflow

Checking a random time in chunk #273 (of 547)...
Checking time: 2000-01-02T12:00:00.000000000
Checking variable: depth
Checking variable: inflow
Checking variable: outflow

Checking a random time in chunk #272 (of 547)...
Checking time: 1999-12-04T16:00:00.000000000
Checking variable: depth
Checking variable: inflow
Checking variable: outflow

Checking a random time in chunk #271 (of 547)...
Checking time: 1999-10-18T02:00:00.000000000
Checking variable: depth
Checking variable: inflow
Checking variable: outflow

Checking a random time in chunk #270 (of 547)...
Checking time: 1999-10-05T21:00:00.000000000
Checking variable: depth
Checking variable: inflow
Checking variable: outflow

Checking a random time in chunk #269 (of 547)...
Checking time: 1999-09-08T23:00:00.000000000
Checking variable: depth
Checking variable: inflow
Checking variable: outflow

Checking a random time in chunk #268 (of 547)...
Checking time: 1999-08-01T20:00:00.000000000
Checking variable: depth
Checking variable: inflow
Checking variable: outflow

Checking a random time in chunk #267 (of 547)...
Checking time: 1999-07-16T12:00:00.000000000
Checking variable: depth
Checking variable: inflow
Checking variable: outflow

Checking a random time in chunk #266 (of 547)...
Checking time: 1999-06-09T18:00:00.000000000
Checking variable: depth
Checking variable: inflow
Checking variable: outflow

Checking a random time in chunk #265 (of 547)...
Checking time: 1999-05-21T04:00:00.000000000
Checking variable: depth
Checking variable: inflow
Checking variable: outflow

Checking a random time in chunk #264 (of 547)...
Checking time: 1999-04-02T09:00:00.000000000
Checking variable: depth
Checking variable: inflow
Checking variable: outflow

Checking a random time in chunk #263 (of 547)...
Checking time: 1999-03-15T19:00:00.000000000
Checking variable: depth
Checking variable: inflow
Checking variable: outflow

Checking a random time in chunk #262 (of 547)...
Checking time: 1999-02-09T06:00:00.000000000
Checking variable: depth
Checking variable: inflow
Checking variable: outflow

Checking a random time in chunk #261 (of 547)...
Checking time: 1999-01-26T15:00:00.000000000
Checking variable: depth
Checking variable: inflow
Checking variable: outflow

Checking a random time in chunk #260 (of 547)...
Checking time: 1999-01-04T04:00:00.000000000
Checking variable: depth
Checking variable: inflow
Checking variable: outflow

Checking a random time in chunk #259 (of 547)...
Checking time: 1998-12-09T19:00:00.000000000
Checking variable: depth
Checking variable: inflow
Checking variable: outflow

Checking a random time in chunk #258 (of 547)...
Checking time: 1998-10-20T09:00:00.000000000
Checking variable: depth
Checking variable: inflow
Checking variable: outflow

Checking a random time in chunk #257 (of 547)...
Checking time: 1998-10-07T08:00:00.000000000
Checking variable: depth
Checking variable: inflow
Checking variable: outflow

Checking a random time in chunk #256 (of 547)...
Checking time: 1998-09-03T08:00:00.000000000
Checking variable: depth
Checking variable: inflow
Checking variable: outflow

Checking a random time in chunk #255 (of 547)...
Checking time: 1998-08-01T19:00:00.000000000
Checking variable: depth
Checking variable: inflow
Checking variable: outflow

Checking a random time in chunk #254 (of 547)...
Checking time: 1998-07-06T05:00:00.000000000
Checking variable: depth
Checking variable: inflow
Checking variable: outflow

Checking a random time in chunk #253 (of 547)...
Checking time: 1998-06-19T21:00:00.000000000
Checking variable: depth
Checking variable: inflow
Checking variable: outflow

Checking a random time in chunk #252 (of 547)...
Checking time: 1998-05-11T02:00:00.000000000
Checking variable: depth
Checking variable: inflow
Checking variable: outflow

Checking a random time in chunk #251 (of 547)...
Checking time: 1998-04-25T19:00:00.000000000
Checking variable: depth
Checking variable: inflow
Checking variable: outflow

Checking a random time in chunk #250 (of 547)...
Checking time: 1998-03-26T13:00:00.000000000
Checking variable: depth
Checking variable: inflow
Checking variable: outflow

Checking a random time in chunk #249 (of 547)...
Checking time: 1998-02-26T20:00:00.000000000
Checking variable: depth
Checking variable: inflow
Checking variable: outflow

Checking a random time in chunk #248 (of 547)...
Checking time: 1998-01-24T09:00:00.000000000
Checking variable: depth
Checking variable: inflow
Checking variable: outflow

Checking a random time in chunk #247 (of 547)...
Checking time: 1997-12-12T14:00:00.000000000
Checking variable: depth
Checking variable: inflow
Checking variable: outflow

Checking a random time in chunk #246 (of 547)...
Checking time: 1997-11-28T05:00:00.000000000
Checking variable: depth
Checking variable: inflow
Checking variable: outflow

Checking a random time in chunk #245 (of 547)...
Checking time: 1997-11-11T18:00:00.000000000
Checking variable: depth
Checking variable: inflow
Checking variable: outflow

Checking a random time in chunk #244 (of 547)...
Checking time: 1997-10-11T22:00:00.000000000
Checking variable: depth
Checking variable: inflow
Checking variable: outflow

Checking a random time in chunk #243 (of 547)...
Checking time: 1997-09-06T11:00:00.000000000
Checking variable: depth
Checking variable: inflow
Checking variable: outflow

Checking a random time in chunk #242 (of 547)...
Checking time: 1997-08-06T23:00:00.000000000
Checking variable: depth
Checking variable: inflow
Checking variable: outflow

Checking a random time in chunk #241 (of 547)...
Checking time: 1997-07-03T10:00:00.000000000
Checking variable: depth
Checking variable: inflow
Checking variable: outflow

Checking a random time in chunk #240 (of 547)...
Checking time: 1997-05-29T02:00:00.000000000
Checking variable: depth
Checking variable: inflow
Checking variable: outflow

Checking a random time in chunk #239 (of 547)...
Checking time: 1997-05-24T15:00:00.000000000
Checking variable: depth
Checking variable: inflow
Checking variable: outflow

Checking a random time in chunk #238 (of 547)...
Checking time: 1997-04-18T04:00:00.000000000
Checking variable: depth
Checking variable: inflow
Checking variable: outflow

Checking a random time in chunk #237 (of 547)...
Checking time: 1997-03-09T11:00:00.000000000
Checking variable: depth
Checking variable: inflow
Checking variable: outflow

Checking a random time in chunk #236 (of 547)...
Checking time: 1997-02-06T09:00:00.000000000
Checking variable: depth
Checking variable: inflow
Checking variable: outflow

Checking a random time in chunk #235 (of 547)...
Checking time: 1997-01-09T21:00:00.000000000
Checking variable: depth
Checking variable: inflow
Checking variable: outflow

Checking a random time in chunk #234 (of 547)...
Checking time: 1997-01-03T20:00:00.000000000
Checking variable: depth
Checking variable: inflow
Checking variable: outflow

Checking a random time in chunk #233 (of 547)...
Checking time: 1996-12-11T06:00:00.000000000
Checking variable: depth
Checking variable: inflow
Checking variable: outflow

Checking a random time in chunk #232 (of 547)...
Checking time: 1996-10-22T23:00:00.000000000
Checking variable: depth
Checking variable: inflow
Checking variable: outflow

Checking a random time in chunk #231 (of 547)...
Checking time: 1996-10-06T22:00:00.000000000
Checking variable: depth
Checking variable: inflow
Checking variable: outflow

Checking a random time in chunk #230 (of 547)...
Checking time: 1996-09-05T15:00:00.000000000
Checking variable: depth
Checking variable: inflow
Checking variable: outflow

Checking a random time in chunk #229 (of 547)...
Checking time: 1996-08-03T02:00:00.000000000
Checking variable: depth
Checking variable: inflow
Checking variable: outflow

Checking a random time in chunk #228 (of 547)...
Checking time: 1996-07-13T12:00:00.000000000
Checking variable: depth
Checking variable: inflow
Checking variable: outflow

Checking a random time in chunk #227 (of 547)...
Checking time: 1996-06-10T23:00:00.000000000
Checking variable: depth
Checking variable: inflow
Checking variable: outflow

Checking a random time in chunk #226 (of 547)...
Checking time: 1996-05-21T16:00:00.000000000
Checking variable: depth
Checking variable: inflow
Checking variable: outflow

Checking a random time in chunk #225 (of 547)...
Checking time: 1996-04-18T07:00:00.000000000
Checking variable: depth
Checking variable: inflow
Checking variable: outflow

Checking a random time in chunk #224 (of 547)...
Checking time: 1996-03-28T17:00:00.000000000
Checking variable: depth
Checking variable: inflow
Checking variable: outflow

Checking a random time in chunk #223 (of 547)...
Checking time: 1996-02-24T06:00:00.000000000
Checking variable: depth
Checking variable: inflow
Checking variable: outflow

Checking a random time in chunk #222 (of 547)...
Checking time: 1996-01-28T23:00:00.000000000
Checking variable: depth
Checking variable: inflow
Checking variable: outflow

Checking a random time in chunk #221 (of 547)...
Checking time: 1995-12-31T17:00:00.000000000
Checking variable: depth
Checking variable: inflow
Checking variable: outflow

Checking a random time in chunk #220 (of 547)...
Checking time: 1995-12-03T08:00:00.000000000
Checking variable: depth
Checking variable: inflow
Checking variable: outflow

Checking a random time in chunk #219 (of 547)...
Checking time: 1995-11-10T00:00:00.000000000
Checking variable: depth
Checking variable: inflow
Checking variable: outflow

Checking a random time in chunk #218 (of 547)...
Checking time: 1995-10-10T19:00:00.000000000
Checking variable: depth
Checking variable: inflow
Checking variable: outflow

Checking a random time in chunk #217 (of 547)...
Checking time: 1995-09-19T22:00:00.000000000
Checking variable: depth
Checking variable: inflow
Checking variable: outflow

Checking a random time in chunk #216 (of 547)...
Checking time: 1995-07-27T17:00:00.000000000
Checking variable: depth
Checking variable: inflow
Checking variable: outflow

Checking a random time in chunk #215 (of 547)...
Checking time: 1995-07-12T17:00:00.000000000
Checking variable: depth
Checking variable: inflow
Checking variable: outflow

Checking a random time in chunk #214 (of 547)...
Checking time: 1995-06-16T12:00:00.000000000
Checking variable: depth
Checking variable: inflow
Checking variable: outflow

Checking a random time in chunk #213 (of 547)...
Checking time: 1995-05-14T12:00:00.000000000
Checking variable: depth
Checking variable: inflow
Checking variable: outflow

Checking a random time in chunk #212 (of 547)...
Checking time: 1995-05-02T01:00:00.000000000
Checking variable: depth
Checking variable: inflow
Checking variable: outflow

Checking a random time in chunk #211 (of 547)...
Checking time: 1995-03-25T15:00:00.000000000
Checking variable: depth
Checking variable: inflow
Checking variable: outflow

Checking a random time in chunk #210 (of 547)...
Checking time: 1995-02-16T16:00:00.000000000
Checking variable: depth
Checking variable: inflow
Checking variable: outflow

Checking a random time in chunk #209 (of 547)...
Checking time: 1995-01-22T07:00:00.000000000
Checking variable: depth
Checking variable: inflow
Checking variable: outflow

Checking a random time in chunk #208 (of 547)...
Checking time: 1995-01-07T07:00:00.000000000
Checking variable: depth
Checking variable: inflow
Checking variable: outflow

Checking a random time in chunk #207 (of 547)...
Checking time: 1994-11-17T11:00:00.000000000
Checking variable: depth
Checking variable: inflow
Checking variable: outflow

Checking a random time in chunk #206 (of 547)...
Checking time: 1994-11-16T16:00:00.000000000
Checking variable: depth
Checking variable: inflow
Checking variable: outflow

Checking a random time in chunk #205 (of 547)...
Checking time: 1994-10-13T21:00:00.000000000
Checking variable: depth
Checking variable: inflow
Checking variable: outflow

Checking a random time in chunk #204 (of 547)...
Checking time: 1994-09-05T14:00:00.000000000
Checking variable: depth
Checking variable: inflow
Checking variable: outflow

Checking a random time in chunk #203 (of 547)...
Checking time: 1994-08-22T16:00:00.000000000
Checking variable: depth
Checking variable: inflow
Checking variable: outflow

Checking a random time in chunk #202 (of 547)...
Checking time: 1994-07-10T05:00:00.000000000
Checking variable: depth
Checking variable: inflow
Checking variable: outflow

Checking a random time in chunk #201 (of 547)...
Checking time: 1994-06-22T19:00:00.000000000
Checking variable: depth
Checking variable: inflow
Checking variable: outflow

Checking a random time in chunk #200 (of 547)...
Checking time: 1994-05-11T08:00:00.000000000
Checking variable: depth
Checking variable: inflow
Checking variable: outflow

Checking a random time in chunk #199 (of 547)...
Checking time: 1994-05-03T23:00:00.000000000
Checking variable: depth
Checking variable: inflow
Checking variable: outflow

Checking a random time in chunk #198 (of 547)...
Checking time: 1994-03-12T06:00:00.000000000
Checking variable: depth
Checking variable: inflow
Checking variable: outflow

Checking a random time in chunk #197 (of 547)...
Checking time: 1994-02-26T00:00:00.000000000
Checking variable: depth
Checking variable: inflow
Checking variable: outflow

Checking a random time in chunk #196 (of 547)...
Checking time: 1994-02-08T10:00:00.000000000
Checking variable: depth
Checking variable: inflow
Checking variable: outflow

Checking a random time in chunk #195 (of 547)...
Checking time: 1993-12-17T06:00:00.000000000
Checking variable: depth
Checking variable: inflow
Checking variable: outflow

Checking a random time in chunk #194 (of 547)...
Checking time: 1993-11-25T19:00:00.000000000
Checking variable: depth
Checking variable: inflow
Checking variable: outflow

Checking a random time in chunk #193 (of 547)...
Checking time: 1993-11-14T10:00:00.000000000
Checking variable: depth
Checking variable: inflow
Checking variable: outflow

Checking a random time in chunk #192 (of 547)...
Checking time: 1993-10-12T11:00:00.000000000
Checking variable: depth
Checking variable: inflow
Checking variable: outflow

Checking a random time in chunk #191 (of 547)...
Checking time: 1993-09-07T10:00:00.000000000
Checking variable: depth
Checking variable: inflow
Checking variable: outflow

Checking a random time in chunk #190 (of 547)...
Checking time: 1993-08-08T20:00:00.000000000
Checking variable: depth
Checking variable: inflow
Checking variable: outflow

Checking a random time in chunk #189 (of 547)...
Checking time: 1993-07-14T05:00:00.000000000
Checking variable: depth
Checking variable: inflow
Checking variable: outflow

Checking a random time in chunk #188 (of 547)...
Checking time: 1993-06-11T20:00:00.000000000
Checking variable: depth
Checking variable: inflow
Checking variable: outflow

Checking a random time in chunk #187 (of 547)...
Checking time: 1993-05-19T15:00:00.000000000
Checking variable: depth
Checking variable: inflow
Checking variable: outflow

Checking a random time in chunk #186 (of 547)...
Checking time: 1993-04-22T02:00:00.000000000
Checking variable: depth
Checking variable: inflow
Checking variable: outflow

Checking a random time in chunk #185 (of 547)...
Checking time: 1993-03-12T18:00:00.000000000
Checking variable: depth
Checking variable: inflow
Checking variable: outflow

Checking a random time in chunk #184 (of 547)...
Checking time: 1993-02-27T15:00:00.000000000
Checking variable: depth
Checking variable: inflow
Checking variable: outflow

Checking a random time in chunk #183 (of 547)...
Checking time: 1993-02-01T19:00:00.000000000
Checking variable: depth
Checking variable: inflow
Checking variable: outflow

Checking a random time in chunk #182 (of 547)...
Checking time: 1992-12-27T19:00:00.000000000
Checking variable: depth
Checking variable: inflow
Checking variable: outflow

Checking a random time in chunk #181 (of 547)...
Checking time: 1992-12-13T20:00:00.000000000
Checking variable: depth
Checking variable: inflow
Checking variable: outflow

Checking a random time in chunk #180 (of 547)...
Checking time: 1992-11-05T21:00:00.000000000
Checking variable: depth
Checking variable: inflow
Checking variable: outflow

Checking a random time in chunk #179 (of 547)...
Checking time: 1992-10-06T10:00:00.000000000
Checking variable: depth
Checking variable: inflow
Checking variable: outflow

Checking a random time in chunk #178 (of 547)...
Checking time: 1992-09-02T17:00:00.000000000
Checking variable: depth
Checking variable: inflow
Checking variable: outflow

Checking a random time in chunk #177 (of 547)...
Checking time: 1992-08-12T23:00:00.000000000
Checking variable: depth
Checking variable: inflow
Checking variable: outflow

Checking a random time in chunk #176 (of 547)...
Checking time: 1992-07-02T13:00:00.000000000
Checking variable: depth
Checking variable: inflow
Checking variable: outflow

Checking a random time in chunk #175 (of 547)...
Checking time: 1992-06-17T04:00:00.000000000
Checking variable: depth
Checking variable: inflow
Checking variable: outflow

Checking a random time in chunk #174 (of 547)...
Checking time: 1992-05-29T14:00:00.000000000
Checking variable: depth
Checking variable: inflow
Checking variable: outflow

Checking a random time in chunk #173 (of 547)...
Checking time: 1992-04-25T15:00:00.000000000
Checking variable: depth
Checking variable: inflow
Checking variable: outflow

Checking a random time in chunk #172 (of 547)...
Checking time: 1992-03-27T08:00:00.000000000
Checking variable: depth
Checking variable: inflow
Checking variable: outflow

Checking a random time in chunk #171 (of 547)...
Checking time: 1992-02-29T18:00:00.000000000
Checking variable: depth
Checking variable: inflow
Checking variable: outflow

Checking a random time in chunk #170 (of 547)...
Checking time: 1992-01-19T12:00:00.000000000
Checking variable: depth
Checking variable: inflow
Checking variable: outflow

Checking a random time in chunk #169 (of 547)...
Checking time: 1991-12-23T10:00:00.000000000
Checking variable: depth
Checking variable: inflow
Checking variable: outflow

Checking a random time in chunk #168 (of 547)...
Checking time: 1991-12-08T22:00:00.000000000
Checking variable: depth
Checking variable: inflow
Checking variable: outflow

Checking a random time in chunk #167 (of 547)...
Checking time: 1991-10-25T01:00:00.000000000
Checking variable: depth
Checking variable: inflow
Checking variable: outflow

Checking a random time in chunk #166 (of 547)...
Checking time: 1991-10-20T03:00:00.000000000
Checking variable: depth
Checking variable: inflow
Checking variable: outflow

Checking a random time in chunk #165 (of 547)...
Checking time: 1991-09-04T15:00:00.000000000
Checking variable: depth
Checking variable: inflow
Checking variable: outflow

Checking a random time in chunk #164 (of 547)...
Checking time: 1991-08-02T09:00:00.000000000
Checking variable: depth
Checking variable: inflow
Checking variable: outflow

Checking a random time in chunk #163 (of 547)...
Checking time: 1991-07-23T00:00:00.000000000
Checking variable: depth
Checking variable: inflow
Checking variable: outflow

Checking a random time in chunk #162 (of 547)...
Checking time: 1991-06-19T23:00:00.000000000
Checking variable: depth
Checking variable: inflow
Checking variable: outflow

Checking a random time in chunk #161 (of 547)...
Checking time: 1991-05-18T06:00:00.000000000
Checking variable: depth
Checking variable: inflow
Checking variable: outflow

Checking a random time in chunk #160 (of 547)...
Checking time: 1991-04-14T13:00:00.000000000
Checking variable: depth
Checking variable: inflow
Checking variable: outflow

Checking a random time in chunk #159 (of 547)...
Checking time: 1991-04-02T23:00:00.000000000
Checking variable: depth
Checking variable: inflow
Checking variable: outflow

Checking a random time in chunk #158 (of 547)...
Checking time: 1991-03-01T13:00:00.000000000
Checking variable: depth
Checking variable: inflow
Checking variable: outflow

Checking a random time in chunk #157 (of 547)...
Checking time: 1991-01-28T07:00:00.000000000
Checking variable: depth
Checking variable: inflow
Checking variable: outflow

Checking a random time in chunk #156 (of 547)...
Checking time: 1991-01-15T06:00:00.000000000
Checking variable: depth
Checking variable: inflow
Checking variable: outflow

Checking a random time in chunk #155 (of 547)...
Checking time: 1990-12-06T11:00:00.000000000
Checking variable: depth
Checking variable: inflow
Checking variable: outflow

Checking a random time in chunk #154 (of 547)...
Checking time: 1990-11-01T01:00:00.000000000
Checking variable: depth
Checking variable: inflow
Checking variable: outflow

Checking a random time in chunk #153 (of 547)...
Checking time: 1990-10-17T04:00:00.000000000
Checking variable: depth
Checking variable: inflow
Checking variable: outflow

Checking a random time in chunk #152 (of 547)...
Checking time: 1990-09-05T14:00:00.000000000
Checking variable: depth
Checking variable: inflow
Checking variable: outflow

Checking a random time in chunk #151 (of 547)...
Checking time: 1990-08-15T04:00:00.000000000
Checking variable: depth
Checking variable: inflow
Checking variable: outflow

Checking a random time in chunk #150 (of 547)...
Checking time: 1990-07-29T08:00:00.000000000
Checking variable: depth
Checking variable: inflow
Checking variable: outflow

Checking a random time in chunk #149 (of 547)...
Checking time: 1990-06-12T22:00:00.000000000
Checking variable: depth
Checking variable: inflow
Checking variable: outflow

Checking a random time in chunk #148 (of 547)...
Checking time: 1990-05-14T23:00:00.000000000
Checking variable: depth
Checking variable: inflow
Checking variable: outflow

Checking a random time in chunk #147 (of 547)...
Checking time: 1990-05-07T14:00:00.000000000
Checking variable: depth
Checking variable: inflow
Checking variable: outflow

Checking a random time in chunk #146 (of 547)...
Checking time: 1990-03-19T02:00:00.000000000
Checking variable: depth
Checking variable: inflow
Checking variable: outflow

Checking a random time in chunk #145 (of 547)...
Checking time: 1990-03-07T06:00:00.000000000
Checking variable: depth
Checking variable: inflow
Checking variable: outflow

Checking a random time in chunk #144 (of 547)...
Checking time: 1990-01-20T07:00:00.000000000
Checking variable: depth
Checking variable: inflow
Checking variable: outflow

Checking a random time in chunk #143 (of 547)...
Checking time: 1989-12-21T03:00:00.000000000
Checking variable: depth
Checking variable: inflow
Checking variable: outflow

Checking a random time in chunk #142 (of 547)...
Checking time: 1989-12-15T04:00:00.000000000
Checking variable: depth
Checking variable: inflow
Checking variable: outflow

Checking a random time in chunk #141 (of 547)...
Checking time: 1989-10-30T11:00:00.000000000
Checking variable: depth
Checking variable: inflow
Checking variable: outflow

Checking a random time in chunk #140 (of 547)...
Checking time: 1989-09-28T17:00:00.000000000
Checking variable: depth
Checking variable: inflow
Checking variable: outflow

Checking a random time in chunk #139 (of 547)...
Checking time: 1989-08-31T03:00:00.000000000
Checking variable: depth
Checking variable: inflow
Checking variable: outflow

Checking a random time in chunk #138 (of 547)...
Checking time: 1989-08-26T07:00:00.000000000
Checking variable: depth
Checking variable: inflow
Checking variable: outflow

Checking a random time in chunk #137 (of 547)...
Checking time: 1989-07-26T14:00:00.000000000
Checking variable: depth
Checking variable: inflow
Checking variable: outflow

Checking a random time in chunk #136 (of 547)...
Checking time: 1989-06-29T09:00:00.000000000
Checking variable: depth
Checking variable: inflow
Checking variable: outflow

Checking a random time in chunk #135 (of 547)...
Checking time: 1989-05-19T07:00:00.000000000
Checking variable: depth
Checking variable: inflow
Checking variable: outflow

Checking a random time in chunk #134 (of 547)...
Checking time: 1989-05-06T12:00:00.000000000
Checking variable: depth
Checking variable: inflow
Checking variable: outflow

Checking a random time in chunk #133 (of 547)...
Checking time: 1989-03-30T01:00:00.000000000
Checking variable: depth
Checking variable: inflow
Checking variable: outflow

Checking a random time in chunk #132 (of 547)...
Checking time: 1989-02-26T19:00:00.000000000
Checking variable: depth
Checking variable: inflow
Checking variable: outflow

Checking a random time in chunk #131 (of 547)...
Checking time: 1989-01-31T22:00:00.000000000
Checking variable: depth
Checking variable: inflow
Checking variable: outflow

Checking a random time in chunk #130 (of 547)...
Checking time: 1989-01-05T13:00:00.000000000
Checking variable: depth
Checking variable: inflow
Checking variable: outflow

Checking a random time in chunk #129 (of 547)...
Checking time: 1988-12-11T14:00:00.000000000
Checking variable: depth
Checking variable: inflow
Checking variable: outflow

Checking a random time in chunk #128 (of 547)...
Checking time: 1988-11-06T20:00:00.000000000
Checking variable: depth
Checking variable: inflow
Checking variable: outflow

Checking a random time in chunk #127 (of 547)...
Checking time: 1988-10-12T23:00:00.000000000
Checking variable: depth
Checking variable: inflow
Checking variable: outflow

Checking a random time in chunk #126 (of 547)...
Checking time: 1988-09-03T05:00:00.000000000
Checking variable: depth
Checking variable: inflow
Checking variable: outflow

Checking a random time in chunk #125 (of 547)...
Checking time: 1988-08-17T02:00:00.000000000
Checking variable: depth
Checking variable: inflow
Checking variable: outflow

Checking a random time in chunk #124 (of 547)...
Checking time: 1988-07-19T21:00:00.000000000
Checking variable: depth
Checking variable: inflow
Checking variable: outflow

Checking a random time in chunk #123 (of 547)...
Checking time: 1988-06-15T19:00:00.000000000
Checking variable: depth
Checking variable: inflow
Checking variable: outflow

Checking a random time in chunk #122 (of 547)...
Checking time: 1988-05-20T22:00:00.000000000
Checking variable: depth
Checking variable: inflow
Checking variable: outflow

Checking a random time in chunk #121 (of 547)...
Checking time: 1988-05-04T17:00:00.000000000
Checking variable: depth
Checking variable: inflow
Checking variable: outflow

Checking a random time in chunk #120 (of 547)...
Checking time: 1988-04-03T03:00:00.000000000
Checking variable: depth
Checking variable: inflow
Checking variable: outflow

Checking a random time in chunk #119 (of 547)...
Checking time: 1988-03-16T03:00:00.000000000
Checking variable: depth
Checking variable: inflow
Checking variable: outflow

Checking a random time in chunk #118 (of 547)...
Checking time: 1988-01-31T14:00:00.000000000
Checking variable: depth
Checking variable: inflow
Checking variable: outflow

Checking a random time in chunk #117 (of 547)...
Checking time: 1988-01-04T13:00:00.000000000
Checking variable: depth
Checking variable: inflow
Checking variable: outflow

Checking a random time in chunk #116 (of 547)...
Checking time: 1987-12-02T17:00:00.000000000
Checking variable: depth
Checking variable: inflow
Checking variable: outflow

Checking a random time in chunk #115 (of 547)...
Checking time: 1987-10-30T17:00:00.000000000
Checking variable: depth
Checking variable: inflow
Checking variable: outflow

Checking a random time in chunk #114 (of 547)...
Checking time: 1987-10-03T11:00:00.000000000
Checking variable: depth
Checking variable: inflow
Checking variable: outflow

Checking a random time in chunk #113 (of 547)...
Checking time: 1987-09-17T10:00:00.000000000
Checking variable: depth
Checking variable: inflow
Checking variable: outflow

Checking a random time in chunk #112 (of 547)...
Checking time: 1987-08-11T02:00:00.000000000
Checking variable: depth
Checking variable: inflow
Checking variable: outflow

Checking a random time in chunk #111 (of 547)...
Checking time: 1987-07-29T16:00:00.000000000
Checking variable: depth
Checking variable: inflow
Checking variable: outflow

Checking a random time in chunk #110 (of 547)...
Checking time: 1987-06-25T12:00:00.000000000
Checking variable: depth
Checking variable: inflow
Checking variable: outflow

Checking a random time in chunk #109 (of 547)...
Checking time: 1987-05-20T15:00:00.000000000
Checking variable: depth
Checking variable: inflow
Checking variable: outflow

Checking a random time in chunk #108 (of 547)...
Checking time: 1987-05-10T10:00:00.000000000
Checking variable: depth
Checking variable: inflow
Checking variable: outflow

Checking a random time in chunk #107 (of 547)...
Checking time: 1987-03-28T16:00:00.000000000
Checking variable: depth
Checking variable: inflow
Checking variable: outflow

Checking a random time in chunk #106 (of 547)...
Checking time: 1987-03-11T09:00:00.000000000
Checking variable: depth
Checking variable: inflow
Checking variable: outflow

Checking a random time in chunk #105 (of 547)...
Checking time: 1987-01-29T02:00:00.000000000
Checking variable: depth
Checking variable: inflow
Checking variable: outflow

Checking a random time in chunk #104 (of 547)...
Checking time: 1987-01-06T14:00:00.000000000
Checking variable: depth
Checking variable: inflow
Checking variable: outflow

Checking a random time in chunk #103 (of 547)...
Checking time: 1986-12-18T01:00:00.000000000
Checking variable: depth
Checking variable: inflow
Checking variable: outflow

Checking a random time in chunk #102 (of 547)...
Checking time: 1986-11-08T11:00:00.000000000
Checking variable: depth
Checking variable: inflow
Checking variable: outflow

Checking a random time in chunk #101 (of 547)...
Checking time: 1986-10-24T10:00:00.000000000
Checking variable: depth
Checking variable: inflow
Checking variable: outflow

Checking a random time in chunk #100 (of 547)...
Checking time: 1986-09-28T10:00:00.000000000
Checking variable: depth
Checking variable: inflow
Checking variable: outflow

Checking a random time in chunk #99 (of 547)...
Checking time: 1986-08-25T22:00:00.000000000
Checking variable: depth
Checking variable: inflow
Checking variable: outflow

Checking a random time in chunk #98 (of 547)...
Checking time: 1986-07-26T10:00:00.000000000
Checking variable: depth
Checking variable: inflow
Checking variable: outflow

Checking a random time in chunk #97 (of 547)...
Checking time: 1986-06-13T18:00:00.000000000
Checking variable: depth
Checking variable: inflow
Checking variable: outflow

Checking a random time in chunk #96 (of 547)...
Checking time: 1986-06-04T23:00:00.000000000
Checking variable: depth
Checking variable: inflow
Checking variable: outflow

Checking a random time in chunk #95 (of 547)...
Checking time: 1986-05-06T14:00:00.000000000
Checking variable: depth
Checking variable: inflow
Checking variable: outflow

Checking a random time in chunk #94 (of 547)...
Checking time: 1986-04-12T19:00:00.000000000
Checking variable: depth
Checking variable: inflow
Checking variable: outflow

Checking a random time in chunk #93 (of 547)...
Checking time: 1986-03-07T09:00:00.000000000
Checking variable: depth
Checking variable: inflow
Checking variable: outflow

Checking a random time in chunk #92 (of 547)...
Checking time: 1986-02-05T07:00:00.000000000
Checking variable: depth
Checking variable: inflow
Checking variable: outflow

Checking a random time in chunk #91 (of 547)...
Checking time: 1986-01-15T01:00:00.000000000
Checking variable: depth
Checking variable: inflow
Checking variable: outflow

Checking a random time in chunk #90 (of 547)...
Checking time: 1985-12-08T17:00:00.000000000
Checking variable: depth
Checking variable: inflow
Checking variable: outflow

Checking a random time in chunk #89 (of 547)...
Checking time: 1985-11-10T09:00:00.000000000
Checking variable: depth
Checking variable: inflow
Checking variable: outflow

Checking a random time in chunk #88 (of 547)...
Checking time: 1985-10-10T17:00:00.000000000
Checking variable: depth
Checking variable: inflow
Checking variable: outflow

Checking a random time in chunk #87 (of 547)...
Checking time: 1985-09-14T20:00:00.000000000
Checking variable: depth
Checking variable: inflow
Checking variable: outflow

Checking a random time in chunk #86 (of 547)...
Checking time: 1985-08-15T21:00:00.000000000
Checking variable: depth
Checking variable: inflow
Checking variable: outflow

Checking a random time in chunk #85 (of 547)...
Checking time: 1985-07-14T05:00:00.000000000
Checking variable: depth
Checking variable: inflow
Checking variable: outflow

Checking a random time in chunk #84 (of 547)...
Checking time: 1985-06-24T04:00:00.000000000
Checking variable: depth
Checking variable: inflow
Checking variable: outflow

Checking a random time in chunk #83 (of 547)...
Checking time: 1985-06-03T14:00:00.000000000
Checking variable: depth
Checking variable: inflow
Checking variable: outflow

Checking a random time in chunk #82 (of 547)...
Checking time: 1985-05-03T20:00:00.000000000
Checking variable: depth
Checking variable: inflow
Checking variable: outflow

Checking a random time in chunk #81 (of 547)...
Checking time: 1985-03-24T18:00:00.000000000
Checking variable: depth
Checking variable: inflow
Checking variable: outflow

Checking a random time in chunk #80 (of 547)...
Checking time: 1985-03-20T23:00:00.000000000
Checking variable: depth
Checking variable: inflow
Checking variable: outflow

Checking a random time in chunk #79 (of 547)...
Checking time: 1985-02-12T06:00:00.000000000
Checking variable: depth
Checking variable: inflow
Checking variable: outflow

Checking a random time in chunk #78 (of 547)...
Checking time: 1984-12-30T07:00:00.000000000
Checking variable: depth
Checking variable: inflow
Checking variable: outflow

Checking a random time in chunk #77 (of 547)...
Checking time: 1984-12-17T17:00:00.000000000
Checking variable: depth
Checking variable: inflow
Checking variable: outflow

Checking a random time in chunk #76 (of 547)...
Checking time: 1984-11-01T14:00:00.000000000
Checking variable: depth
Checking variable: inflow
Checking variable: outflow

Checking a random time in chunk #75 (of 547)...
Checking time: 1984-10-29T07:00:00.000000000
Checking variable: depth
Checking variable: inflow
Checking variable: outflow

Checking a random time in chunk #74 (of 547)...
Checking time: 1984-09-18T00:00:00.000000000
Checking variable: depth
Checking variable: inflow
Checking variable: outflow

Checking a random time in chunk #73 (of 547)...
Checking time: 1984-08-26T20:00:00.000000000
Checking variable: depth
Checking variable: inflow
Checking variable: outflow

Checking a random time in chunk #72 (of 547)...
Checking time: 1984-07-28T23:00:00.000000000
Checking variable: depth
Checking variable: inflow
Checking variable: outflow

Checking a random time in chunk #71 (of 547)...
Checking time: 1984-06-27T04:00:00.000000000
Checking variable: depth
Checking variable: inflow
Checking variable: outflow

Checking a random time in chunk #70 (of 547)...
Checking time: 1984-05-28T07:00:00.000000000
Checking variable: depth
Checking variable: inflow
Checking variable: outflow

Checking a random time in chunk #69 (of 547)...
Checking time: 1984-05-03T00:00:00.000000000
Checking variable: depth
Checking variable: inflow
Checking variable: outflow

Checking a random time in chunk #68 (of 547)...
Checking time: 1984-04-14T23:00:00.000000000
Checking variable: depth
Checking variable: inflow
Checking variable: outflow

Checking a random time in chunk #67 (of 547)...
Checking time: 1984-03-13T03:00:00.000000000
Checking variable: depth
Checking variable: inflow
Checking variable: outflow

Checking a random time in chunk #66 (of 547)...
Checking time: 1984-02-20T20:00:00.000000000
Checking variable: depth
Checking variable: inflow
Checking variable: outflow

Checking a random time in chunk #65 (of 547)...
Checking time: 1984-01-21T08:00:00.000000000
Checking variable: depth
Checking variable: inflow
Checking variable: outflow

Checking a random time in chunk #64 (of 547)...
Checking time: 1983-12-14T17:00:00.000000000
Checking variable: depth
Checking variable: inflow
Checking variable: outflow

Checking a random time in chunk #63 (of 547)...
Checking time: 1983-11-03T16:00:00.000000000
Checking variable: depth
Checking variable: inflow
Checking variable: outflow

Checking a random time in chunk #62 (of 547)...
Checking time: 1983-10-07T14:00:00.000000000
Checking variable: depth
Checking variable: inflow
Checking variable: outflow

Checking a random time in chunk #61 (of 547)...
Checking time: 1983-10-04T14:00:00.000000000
Checking variable: depth
Checking variable: inflow
Checking variable: outflow

Checking a random time in chunk #60 (of 547)...
Checking time: 1983-08-30T13:00:00.000000000
Checking variable: depth
Checking variable: inflow
Checking variable: outflow

Checking a random time in chunk #59 (of 547)...
Checking time: 1983-08-05T14:00:00.000000000
Checking variable: depth
Checking variable: inflow
Checking variable: outflow

Checking a random time in chunk #58 (of 547)...
Checking time: 1983-06-25T10:00:00.000000000
Checking variable: depth
Checking variable: inflow
Checking variable: outflow

Checking a random time in chunk #57 (of 547)...
Checking time: 1983-05-27T18:00:00.000000000
Checking variable: depth
Checking variable: inflow
Checking variable: outflow

Checking a random time in chunk #56 (of 547)...
Checking time: 1983-05-06T21:00:00.000000000
Checking variable: depth
Checking variable: inflow
Checking variable: outflow

Checking a random time in chunk #55 (of 547)...
Checking time: 1983-03-31T07:00:00.000000000
Checking variable: depth
Checking variable: inflow
Checking variable: outflow

Checking a random time in chunk #54 (of 547)...
Checking time: 1983-03-11T05:00:00.000000000
Checking variable: depth
Checking variable: inflow
Checking variable: outflow

Checking a random time in chunk #53 (of 547)...
Checking time: 1983-02-03T11:00:00.000000000
Checking variable: depth
Checking variable: inflow
Checking variable: outflow

Checking a random time in chunk #52 (of 547)...
Checking time: 1983-01-14T17:00:00.000000000
Checking variable: depth
Checking variable: inflow
Checking variable: outflow

Checking a random time in chunk #51 (of 547)...
Checking time: 1982-12-20T01:00:00.000000000
Checking variable: depth
Checking variable: inflow
Checking variable: outflow

Checking a random time in chunk #50 (of 547)...
Checking time: 1982-11-29T00:00:00.000000000
Checking variable: depth
Checking variable: inflow
Checking variable: outflow

Checking a random time in chunk #49 (of 547)...
Checking time: 1982-10-22T18:00:00.000000000
Checking variable: depth
Checking variable: inflow
Checking variable: outflow

Checking a random time in chunk #48 (of 547)...
Checking time: 1982-09-24T00:00:00.000000000
Checking variable: depth
Checking variable: inflow
Checking variable: outflow

Checking a random time in chunk #47 (of 547)...
Checking time: 1982-08-29T02:00:00.000000000
Checking variable: depth
Checking variable: inflow
Checking variable: outflow

Checking a random time in chunk #46 (of 547)...
Checking time: 1982-08-02T15:00:00.000000000
Checking variable: depth
Checking variable: inflow
Checking variable: outflow

Checking a random time in chunk #45 (of 547)...
Checking time: 1982-07-04T18:00:00.000000000
Checking variable: depth
Checking variable: inflow
Checking variable: outflow

Checking a random time in chunk #44 (of 547)...
Checking time: 1982-05-30T10:00:00.000000000
Checking variable: depth
Checking variable: inflow
Checking variable: outflow

Checking a random time in chunk #43 (of 547)...
Checking time: 1982-05-15T04:00:00.000000000
Checking variable: depth
Checking variable: inflow
Checking variable: outflow

Checking a random time in chunk #42 (of 547)...
Checking time: 1982-04-08T19:00:00.000000000
Checking variable: depth
Checking variable: inflow
Checking variable: outflow

Checking a random time in chunk #41 (of 547)...
Checking time: 1982-03-18T04:00:00.000000000
Checking variable: depth
Checking variable: inflow
Checking variable: outflow

Checking a random time in chunk #40 (of 547)...
Checking time: 1982-02-22T00:00:00.000000000
Checking variable: depth
Checking variable: inflow
Checking variable: outflow

Checking a random time in chunk #39 (of 547)...
Checking time: 1982-01-03T22:00:00.000000000
Checking variable: depth
Checking variable: inflow
Checking variable: outflow

Checking a random time in chunk #38 (of 547)...
Checking time: 1981-12-29T14:00:00.000000000
Checking variable: depth
Checking variable: inflow
Checking variable: outflow

Checking a random time in chunk #37 (of 547)...
Checking time: 1981-11-09T23:00:00.000000000
Checking variable: depth
Checking variable: inflow
Checking variable: outflow

Checking a random time in chunk #36 (of 547)...
Checking time: 1981-10-10T12:00:00.000000000
Checking variable: depth
Checking variable: inflow
Checking variable: outflow

Checking a random time in chunk #35 (of 547)...
Checking time: 1981-10-03T09:00:00.000000000
Checking variable: depth
Checking variable: inflow
Checking variable: outflow

Checking a random time in chunk #34 (of 547)...
Checking time: 1981-09-06T06:00:00.000000000
Checking variable: depth
Checking variable: inflow
Checking variable: outflow

Checking a random time in chunk #33 (of 547)...
Checking time: 1981-08-11T18:00:00.000000000
Checking variable: depth
Checking variable: inflow
Checking variable: outflow

Checking a random time in chunk #32 (of 547)...
Checking time: 1981-06-27T07:00:00.000000000
Checking variable: depth
Checking variable: inflow
Checking variable: outflow

Checking a random time in chunk #31 (of 547)...
Checking time: 1981-05-22T14:00:00.000000000
Checking variable: depth
Checking variable: inflow
Checking variable: outflow

Checking a random time in chunk #30 (of 547)...
Checking time: 1981-05-08T17:00:00.000000000
Checking variable: depth
Checking variable: inflow
Checking variable: outflow

Checking a random time in chunk #29 (of 547)...
Checking time: 1981-04-17T02:00:00.000000000
Checking variable: depth
Checking variable: inflow
Checking variable: outflow

Checking a random time in chunk #28 (of 547)...
Checking time: 1981-03-16T08:00:00.000000000
Checking variable: depth
Checking variable: inflow
Checking variable: outflow

Checking a random time in chunk #27 (of 547)...
Checking time: 1981-02-02T11:00:00.000000000
Checking variable: depth
Checking variable: inflow
Checking variable: outflow

Checking a random time in chunk #26 (of 547)...
Checking time: 1981-01-14T13:00:00.000000000
Checking variable: depth
Checking variable: inflow
Checking variable: outflow

Checking a random time in chunk #25 (of 547)...
Checking time: 1980-12-22T04:00:00.000000000
Checking variable: depth
Checking variable: inflow
Checking variable: outflow

Checking a random time in chunk #24 (of 547)...
Checking time: 1980-11-30T17:00:00.000000000
Checking variable: depth
Checking variable: inflow
Checking variable: outflow

Checking a random time in chunk #23 (of 547)...
Checking time: 1980-10-27T03:00:00.000000000
Checking variable: depth
Checking variable: inflow
Checking variable: outflow

Checking a random time in chunk #22 (of 547)...
Checking time: 1980-09-29T03:00:00.000000000
Checking variable: depth
Checking variable: inflow
Checking variable: outflow

Checking a random time in chunk #21 (of 547)...
Checking time: 1980-08-27T17:00:00.000000000
Checking variable: depth
Checking variable: inflow
Checking variable: outflow

Checking a random time in chunk #20 (of 547)...
Checking time: 1980-08-10T05:00:00.000000000
Checking variable: depth
Checking variable: inflow
Checking variable: outflow

Checking a random time in chunk #19 (of 547)...
Checking time: 1980-07-11T01:00:00.000000000
Checking variable: depth
Checking variable: inflow
Checking variable: outflow

Checking a random time in chunk #18 (of 547)...
Checking time: 1980-06-07T10:00:00.000000000
Checking variable: depth
Checking variable: inflow
Checking variable: outflow

Checking a random time in chunk #17 (of 547)...
Checking time: 1980-05-10T11:00:00.000000000
Checking variable: depth
Checking variable: inflow
Checking variable: outflow

Checking a random time in chunk #16 (of 547)...
Checking time: 1980-04-11T15:00:00.000000000
Checking variable: depth
Checking variable: inflow
Checking variable: outflow

Checking a random time in chunk #15 (of 547)...
Checking time: 1980-03-17T20:00:00.000000000
Checking variable: depth
Checking variable: inflow
Checking variable: outflow

Checking a random time in chunk #14 (of 547)...
Checking time: 1980-02-20T16:00:00.000000000
Checking variable: depth
Checking variable: inflow
Checking variable: outflow

Checking a random time in chunk #13 (of 547)...
Checking time: 1980-01-26T12:00:00.000000000
Checking variable: depth
Checking variable: inflow
Checking variable: outflow

Checking a random time in chunk #12 (of 547)...
Checking time: 1979-12-26T10:00:00.000000000
Checking variable: depth
Checking variable: inflow
Checking variable: outflow

Checking a random time in chunk #11 (of 547)...
Checking time: 1979-11-17T09:00:00.000000000
Checking variable: depth
Checking variable: inflow
Checking variable: outflow

Checking a random time in chunk #10 (of 547)...
Checking time: 1979-10-21T13:00:00.000000000
Checking variable: depth
Checking variable: inflow
Checking variable: outflow

Checking a random time in chunk #9 (of 547)...
Checking time: 1979-09-15T08:00:00.000000000
Checking variable: depth
Checking variable: inflow
Checking variable: outflow

Checking a random time in chunk #8 (of 547)...
Checking time: 1979-08-26T16:00:00.000000000
Checking variable: depth
Checking variable: inflow
Checking variable: outflow

Checking a random time in chunk #7 (of 547)...
Checking time: 1979-07-31T21:00:00.000000000
Checking variable: depth
Checking variable: inflow
Checking variable: outflow

Checking a random time in chunk #6 (of 547)...
Checking time: 1979-06-25T05:00:00.000000000
Checking variable: depth
Checking variable: inflow
Checking variable: outflow

Checking a random time in chunk #5 (of 547)...
Checking time: 1979-06-16T08:00:00.000000000
Checking variable: depth
Checking variable: inflow
Checking variable: outflow

Checking a random time in chunk #4 (of 547)...
Checking time: 1979-05-02T08:00:00.000000000
Checking variable: depth
Checking variable: inflow
Checking variable: outflow

Checking a random time in chunk #3 (of 547)...
Checking time: 1979-04-09T08:00:00.000000000
Checking variable: depth
Checking variable: inflow
Checking variable: outflow

Checking a random time in chunk #2 (of 547)...
Checking time: 1979-03-03T06:00:00.000000000
Checking variable: depth
Checking variable: inflow
Checking variable: outflow

Checking a random time in chunk #1 (of 547)...
Checking time: 1979-02-02T11:00:00.000000000
Checking variable: depth
Checking variable: inflow
Checking variable: outflow
