
-------------------------------------------------------
Output file report: /glade/p/datashare/ishitas/gwout/gwout.zarr
Total file size: 1.7T
Dataset overviews:
zarr ds.info:
Name        : /
Type        : zarr.hierarchy.Group
Read-only   : False
Store type  : zarr.storage.DirectoryStore
No. members : 5
No. arrays  : 5
No. groups  : 0
Arrays      : depth, feature_id, inflow, outflow, time


xarray ds.info:
<xarray.Dataset>
Dimensions:     (time: 367439, feature_id: 2776738)
Coordinates:
  * feature_id  (feature_id) int32 6635572 6635590 6635598 ... 25293410 15450136
  * time        (time) datetime64[ns] 1979-02-01T01:00:00 ... 2020-12-31T23:0...
Data variables:
    depth       (time, feature_id) float64 dask.array<chunksize=(672, 30000), meta=np.ndarray>
    inflow      (time, feature_id) float64 dask.array<chunksize=(672, 30000), meta=np.ndarray>
    outflow     (time, feature_id) float64 dask.array<chunksize=(672, 30000), meta=np.ndarray>
Attributes:
    Conventions:          CF-1.6
    TITLE:                OUTPUT FROM WRF-Hydro v5.2.0-beta2
    code_version:         v5.2.0-beta2
    featureType:          timeSeries
    model_configuration:  retrospective
    model_output_type:    groundwater_rt
    station_dimension:    gw_id

-----------------------------------
Variable comparison xarray and zarr

--------

depth

xarray ds[depth]:
<xarray.DataArray 'depth' (time: 367439, feature_id: 2776738)>
dask.array<open_dataset-08d290b2f196bb022b02f9d7c09524ccdepth, shape=(367439, 2776738), dtype=float64, chunksize=(672, 30000), chunktype=numpy.ndarray>
Coordinates:
  * feature_id  (feature_id) int32 6635572 6635590 6635598 ... 25293410 15450136
  * time        (time) datetime64[ns] 1979-02-01T01:00:00 ... 2020-12-31T23:0...
Attributes:
    long_name:  Bucket Depth
    units:      mm

zarr dz[depth].info:
Name               : /depth
Type               : zarr.core.Array
Data type          : int32
Shape              : (367439, 2776738)
Chunk shape        : (672, 30000)
Order              : C
Read-only          : False
Compressor         : Blosc(cname='lz4', clevel=5, shuffle=SHUFFLE, blocksize=0)
Store type         : zarr.storage.DirectoryStore
No. bytes          : 4081127335928 (3.7T)
No. bytes stored   : 803056669519 (747.9G)
Storage ratio      : 5.1
Chunks initialized : 50871/50871

Un-Compressed Chunk size in MB: 76.904296875
   Compressed Chunk size in MB: 15.079273897058824

--------

feature_id

xarray ds[feature_id]:
<xarray.DataArray 'feature_id' (feature_id: 2776738)>
array([ 6635572,  6635590,  6635598, ..., 15448486, 25293410, 15450136],
      dtype=int32)
Coordinates:
  * feature_id  (feature_id) int32 6635572 6635590 6635598 ... 25293410 15450136
Attributes:
    cf_role:    timeseries_id
    comment:    Groundwater Bucket ID
    long_name:  Groundwater Bucket ID

zarr dz[feature_id].info:
Name               : /feature_id
Type               : zarr.core.Array
Data type          : int32
Shape              : (2776738,)
Chunk shape        : (2776738,)
Order              : C
Read-only          : False
Compressor         : Blosc(cname='lz4', clevel=5, shuffle=SHUFFLE, blocksize=0)
Store type         : zarr.storage.DirectoryStore
No. bytes          : 11106952 (10.6M)
No. bytes stored   : 4649079 (4.4M)
Storage ratio      : 2.4
Chunks initialized : 1/1

Un-Compressed Chunk size in MB: 10.592414855957031
   Compressed Chunk size in MB: 4.413506189982097

--------

inflow

xarray ds[inflow]:
<xarray.DataArray 'inflow' (time: 367439, feature_id: 2776738)>
dask.array<open_dataset-08d290b2f196bb022b02f9d7c09524ccinflow, shape=(367439, 2776738), dtype=float64, chunksize=(672, 30000), chunktype=numpy.ndarray>
Coordinates:
  * feature_id  (feature_id) int32 6635572 6635590 6635598 ... 25293410 15450136
  * time        (time) datetime64[ns] 1979-02-01T01:00:00 ... 2020-12-31T23:0...
Attributes:
    long_name:  Bucket Inflow
    units:      m3 s-1

zarr dz[inflow].info:
Name               : /inflow
Type               : zarr.core.Array
Data type          : int32
Shape              : (367439, 2776738)
Chunk shape        : (672, 30000)
Order              : C
Read-only          : False
Compressor         : Blosc(cname='lz4', clevel=5, shuffle=SHUFFLE, blocksize=0)
Store type         : zarr.storage.DirectoryStore
No. bytes          : 4081127335928 (3.7T)
No. bytes stored   : 559740694318 (521.3G)
Storage ratio      : 7.3
Chunks initialized : 50871/50871

Un-Compressed Chunk size in MB: 76.904296875
   Compressed Chunk size in MB: 10.534835188356166

--------

outflow

xarray ds[outflow]:
<xarray.DataArray 'outflow' (time: 367439, feature_id: 2776738)>
dask.array<open_dataset-08d290b2f196bb022b02f9d7c09524ccoutflow, shape=(367439, 2776738), dtype=float64, chunksize=(672, 30000), chunktype=numpy.ndarray>
Coordinates:
  * feature_id  (feature_id) int32 6635572 6635590 6635598 ... 25293410 15450136
  * time        (time) datetime64[ns] 1979-02-01T01:00:00 ... 2020-12-31T23:0...
Attributes:
    long_name:  Bucket Outflow
    units:      m3 s-1

zarr dz[outflow].info:
Name               : /outflow
Type               : zarr.core.Array
Data type          : int32
Shape              : (367439, 2776738)
Chunk shape        : (672, 30000)
Order              : C
Read-only          : False
Compressor         : Blosc(cname='lz4', clevel=5, shuffle=SHUFFLE, blocksize=0)
Store type         : zarr.storage.DirectoryStore
No. bytes          : 4081127335928 (3.7T)
No. bytes stored   : 457347197753 (425.9G)
Storage ratio      : 8.9
Chunks initialized : 50871/50871

Un-Compressed Chunk size in MB: 76.904296875
   Compressed Chunk size in MB: 8.640932233146067

--------

time

xarray ds[time]:
<xarray.DataArray 'time' (time: 367439)>
array(['1979-02-01T01:00:00.000000000', '1979-02-01T02:00:00.000000000',
       '1979-02-01T03:00:00.000000000', ..., '2020-12-31T21:00:00.000000000',
       '2020-12-31T22:00:00.000000000', '2020-12-31T23:00:00.000000000'],
      dtype='datetime64[ns]')
Coordinates:
  * time     (time) datetime64[ns] 1979-02-01T01:00:00 ... 2020-12-31T23:00:00
Attributes:
    long_name:      valid output time
    standard_name:  time
    valid_max:      4862880
    valid_min:      4777980

zarr dz[time].info:
Name               : /time
Type               : zarr.core.Array
Data type          : int64
Shape              : (367439,)
Chunk shape        : (672,)
Order              : C
Read-only          : False
Compressor         : Blosc(cname='lz4', clevel=5, shuffle=SHUFFLE, blocksize=0)
Store type         : zarr.storage.DirectoryStore
No. bytes          : 2939512 (2.8M)
No. bytes stored   : 231171 (225.8K)
Storage ratio      : 12.7
Chunks initialized : 547/547

Un-Compressed Chunk size in MB: 0.005126953125
   Compressed Chunk size in MB: 0.00040369709645669296
